2020-06-09T12:03:12Z - [io.mosip.kernel.packetmanager.impl.PacketCreatorImpl] - INFO  - SESSIONID - REGISTRATIONID - 10002100720007220200609115715 - Started packet creation
2020-06-09T12:03:12Z - [io.mosip.kernel.packetmanager.impl.PacketCreatorImpl] - INFO  - SESSIONID - REGISTRATIONID - 10002100720007220200609115715 - Started Subpacket: evidence
2020-06-09T12:03:12Z - [io.mosip.kernel.packetmanager.impl.PacketCreatorImpl] - INFO  - SESSIONID - REGISTRATIONID - 10002100720007220200609115715 - Identified fields >>> 10
2020-06-09T12:03:12Z - [io.mosip.kernel.packetmanager.impl.PacketCreatorImpl] - INFO  - SESSIONID - REGISTRATIONID - 10002100720007220200609115715 - Adding field : proofOfDateOfBirth
2020-06-09T12:03:12Z - [io.mosip.kernel.packetmanager.impl.PacketCreatorImpl] - INFO  - SESSIONID - REGISTRATIONID - null - Adding file : proofOfDateOfBirth.jpg
2020-06-09T12:03:12Z - [io.mosip.kernel.packetmanager.impl.PacketCreatorImpl] - INFO  - SESSIONID - REGISTRATIONID - 10002100720007220200609115715 - Adding field : parentOrGuardianRID
2020-06-09T12:03:12Z - [io.mosip.kernel.packetmanager.impl.PacketCreatorImpl] - INFO  - SESSIONID - REGISTRATIONID - 10002100720007220200609115715 - Adding field : parentOrGuardianBiometrics
2020-06-09T12:03:12Z - [io.mosip.kernel.packetmanager.impl.PacketCreatorImpl] - INFO  - SESSIONID - REGISTRATIONID - 10002100720007220200609115715 - Adding field : parentOrGuardianUIN
2020-06-09T12:03:12Z - [io.mosip.kernel.packetmanager.impl.PacketCreatorImpl] - INFO  - SESSIONID - REGISTRATIONID - 10002100720007220200609115715 - Adding field : proofOfIdentity
2020-06-09T12:03:12Z - [io.mosip.kernel.packetmanager.impl.PacketCreatorImpl] - INFO  - SESSIONID - REGISTRATIONID - null - Adding file : proofOfIdentity.jpg
2020-06-09T12:03:12Z - [io.mosip.kernel.packetmanager.impl.PacketCreatorImpl] - INFO  - SESSIONID - REGISTRATIONID - 10002100720007220200609115715 - Adding field : IDSchemaVersion
2020-06-09T12:03:12Z - [io.mosip.kernel.packetmanager.impl.PacketCreatorImpl] - INFO  - SESSIONID - REGISTRATIONID - 10002100720007220200609115715 - Adding field : proofOfException
2020-06-09T12:03:12Z - [io.mosip.kernel.packetmanager.impl.PacketCreatorImpl] - INFO  - SESSIONID - REGISTRATIONID - 10002100720007220200609115715 - Adding field : parentOrGuardianName
2020-06-09T12:03:12Z - [io.mosip.kernel.packetmanager.impl.PacketCreatorImpl] - INFO  - SESSIONID - REGISTRATIONID - 10002100720007220200609115715 - Adding field : proofOfRelationship
2020-06-09T12:03:12Z - [io.mosip.kernel.packetmanager.impl.PacketCreatorImpl] - INFO  - SESSIONID - REGISTRATIONID - null - Adding file : proofOfRelationship.jpg
2020-06-09T12:03:12Z - [io.mosip.kernel.packetmanager.impl.PacketCreatorImpl] - INFO  - SESSIONID - REGISTRATIONID - 10002100720007220200609115715 - Adding field : UIN
2020-06-09T12:03:12Z - [io.mosip.kernel.packetmanager.impl.PacketCreatorImpl] - INFO  - SESSIONID - REGISTRATIONID - null - Adding file : ID.json
2020-06-09T12:03:12Z - [io.mosip.kernel.packetmanager.impl.PacketCreatorImpl] - INFO  - SESSIONID - REGISTRATIONID - null - Adding file : packet_data_hash.txt
2020-06-09T12:03:12Z - [io.mosip.kernel.packetmanager.impl.PacketCreatorImpl] - INFO  - SESSIONID - REGISTRATIONID - null - Adding file : packet_meta_info.json
2020-06-09T12:03:12Z - [io.mosip.kernel.packetmanager.impl.PacketCreatorImpl] - INFO  - SESSIONID - REGISTRATIONID - null - Adding file : 10002100720007220200609115715_evidence.zip
2020-06-09T12:03:12Z - [io.mosip.kernel.packetmanager.impl.PacketCreatorImpl] - INFO  - SESSIONID - REGISTRATIONID - 10002100720007220200609115715 - Completed Subpacket: evidence
2020-06-09T12:03:12Z - [io.mosip.kernel.packetmanager.impl.PacketCreatorImpl] - INFO  - SESSIONID - REGISTRATIONID - 10002100720007220200609115715 - Started Subpacket: optional
2020-06-09T12:03:12Z - [io.mosip.kernel.packetmanager.impl.PacketCreatorImpl] - INFO  - SESSIONID - REGISTRATIONID - 10002100720007220200609115715 - Identified fields >>> 3
2020-06-09T12:03:12Z - [io.mosip.kernel.packetmanager.impl.PacketCreatorImpl] - INFO  - SESSIONID - REGISTRATIONID - 10002100720007220200609115715 - Adding field : proofOfAddress
2020-06-09T12:03:12Z - [io.mosip.kernel.packetmanager.impl.PacketCreatorImpl] - INFO  - SESSIONID - REGISTRATIONID - null - Adding file : proofOfAddress.jpg
2020-06-09T12:03:12Z - [io.mosip.kernel.packetmanager.impl.PacketCreatorImpl] - INFO  - SESSIONID - REGISTRATIONID - 10002100720007220200609115715 - Adding field : IDSchemaVersion
2020-06-09T12:03:12Z - [io.mosip.kernel.packetmanager.impl.PacketCreatorImpl] - INFO  - SESSIONID - REGISTRATIONID - 10002100720007220200609115715 - Adding field : UIN
2020-06-09T12:03:12Z - [io.mosip.kernel.packetmanager.impl.PacketCreatorImpl] - INFO  - SESSIONID - REGISTRATIONID - null - Adding file : ID.json
2020-06-09T12:03:12Z - [io.mosip.kernel.packetmanager.impl.PacketCreatorImpl] - INFO  - SESSIONID - REGISTRATIONID - null - Adding file : packet_data_hash.txt
2020-06-09T12:03:12Z - [io.mosip.kernel.packetmanager.impl.PacketCreatorImpl] - INFO  - SESSIONID - REGISTRATIONID - null - Adding file : packet_meta_info.json
2020-06-09T12:03:12Z - [io.mosip.kernel.packetmanager.impl.PacketCreatorImpl] - INFO  - SESSIONID - REGISTRATIONID - null - Adding file : 10002100720007220200609115715_optional.zip
2020-06-09T12:03:12Z - [io.mosip.kernel.packetmanager.impl.PacketCreatorImpl] - INFO  - SESSIONID - REGISTRATIONID - 10002100720007220200609115715 - Completed Subpacket: optional
2020-06-09T12:03:12Z - [io.mosip.kernel.packetmanager.impl.PacketCreatorImpl] - INFO  - SESSIONID - REGISTRATIONID - 10002100720007220200609115715 - Started Subpacket: id
2020-06-09T12:03:12Z - [io.mosip.kernel.packetmanager.impl.PacketCreatorImpl] - INFO  - SESSIONID - REGISTRATIONID - 10002100720007220200609115715 - Identified fields >>> 18
2020-06-09T12:03:12Z - [io.mosip.kernel.packetmanager.impl.PacketCreatorImpl] - INFO  - SESSIONID - REGISTRATIONID - 10002100720007220200609115715 - Adding field : gender
2020-06-09T12:03:12Z - [io.mosip.kernel.packetmanager.impl.PacketCreatorImpl] - INFO  - SESSIONID - REGISTRATIONID - 10002100720007220200609115715 - Adding field : city
2020-06-09T12:03:12Z - [io.mosip.kernel.packetmanager.impl.PacketCreatorImpl] - INFO  - SESSIONID - REGISTRATIONID - 10002100720007220200609115715 - Adding field : postalCode
2020-06-09T12:03:12Z - [io.mosip.kernel.packetmanager.impl.PacketCreatorImpl] - INFO  - SESSIONID - REGISTRATIONID - 10002100720007220200609115715 - Adding field : referenceIdentityNumber
2020-06-09T12:03:12Z - [io.mosip.kernel.packetmanager.impl.PacketCreatorImpl] - INFO  - SESSIONID - REGISTRATIONID - 10002100720007220200609115715 - Adding field : individualBiometrics
2020-06-09T12:03:13Z - [io.mosip.kernel.packetmanager.impl.PacketCreatorImpl] - INFO  - SESSIONID - REGISTRATIONID - null - Adding file : individualBiometrics_bio_CBEFF.xml
2020-06-09T12:03:13Z - [io.mosip.kernel.packetmanager.impl.PacketCreatorImpl] - INFO  - SESSIONID - REGISTRATIONID - 10002100720007220200609115715 - Adding field : province
2020-06-09T12:03:13Z - [io.mosip.kernel.packetmanager.impl.PacketCreatorImpl] - INFO  - SESSIONID - REGISTRATIONID - 10002100720007220200609115715 - Adding field : zone
2020-06-09T12:03:13Z - [io.mosip.kernel.packetmanager.impl.PacketCreatorImpl] - INFO  - SESSIONID - REGISTRATIONID - 10002100720007220200609115715 - Adding field : addressLine1
2020-06-09T12:03:13Z - [io.mosip.kernel.packetmanager.impl.PacketCreatorImpl] - INFO  - SESSIONID - REGISTRATIONID - 10002100720007220200609115715 - Adding field : addressLine2
2020-06-09T12:03:13Z - [io.mosip.kernel.packetmanager.impl.PacketCreatorImpl] - INFO  - SESSIONID - REGISTRATIONID - 10002100720007220200609115715 - Adding field : residenceStatus
2020-06-09T12:03:13Z - [io.mosip.kernel.packetmanager.impl.PacketCreatorImpl] - INFO  - SESSIONID - REGISTRATIONID - 10002100720007220200609115715 - Adding field : addressLine3
2020-06-09T12:03:13Z - [io.mosip.kernel.packetmanager.impl.PacketCreatorImpl] - INFO  - SESSIONID - REGISTRATIONID - 10002100720007220200609115715 - Adding field : email
2020-06-09T12:03:13Z - [io.mosip.kernel.packetmanager.impl.PacketCreatorImpl] - INFO  - SESSIONID - REGISTRATIONID - 10002100720007220200609115715 - Adding field : fullName
2020-06-09T12:03:13Z - [io.mosip.kernel.packetmanager.impl.PacketCreatorImpl] - INFO  - SESSIONID - REGISTRATIONID - 10002100720007220200609115715 - Adding field : dateOfBirth
2020-06-09T12:03:13Z - [io.mosip.kernel.packetmanager.impl.PacketCreatorImpl] - INFO  - SESSIONID - REGISTRATIONID - 10002100720007220200609115715 - Adding field : IDSchemaVersion
2020-06-09T12:03:13Z - [io.mosip.kernel.packetmanager.impl.PacketCreatorImpl] - INFO  - SESSIONID - REGISTRATIONID - 10002100720007220200609115715 - Adding field : phone
2020-06-09T12:03:13Z - [io.mosip.kernel.packetmanager.impl.PacketCreatorImpl] - INFO  - SESSIONID - REGISTRATIONID - 10002100720007220200609115715 - Adding field : UIN
2020-06-09T12:03:13Z - [io.mosip.kernel.packetmanager.impl.PacketCreatorImpl] - INFO  - SESSIONID - REGISTRATIONID - 10002100720007220200609115715 - Adding field : region
2020-06-09T12:03:13Z - [io.mosip.kernel.packetmanager.impl.PacketCreatorImpl] - INFO  - SESSIONID - REGISTRATIONID - null - Adding file : ID.json
2020-06-09T12:03:13Z - [io.mosip.kernel.packetmanager.impl.PacketCreatorImpl] - INFO  - SESSIONID - REGISTRATIONID - null - Adding file : audit.json
2020-06-09T12:03:13Z - [io.mosip.kernel.packetmanager.impl.PacketCreatorImpl] - INFO  - SESSIONID - REGISTRATIONID - null - Adding file : packet_operations_hash.txt
2020-06-09T12:03:13Z - [io.mosip.kernel.packetmanager.impl.PacketCreatorImpl] - INFO  - SESSIONID - REGISTRATIONID - null - Adding file : packet_data_hash.txt
2020-06-09T12:03:13Z - [io.mosip.kernel.packetmanager.impl.PacketCreatorImpl] - INFO  - SESSIONID - REGISTRATIONID - null - Adding file : packet_meta_info.json
2020-06-09T12:03:13Z - [io.mosip.kernel.packetmanager.impl.PacketCreatorImpl] - INFO  - SESSIONID - REGISTRATIONID - null - Adding file : 10002100720007220200609115715_id.zip
2020-06-09T12:03:13Z - [io.mosip.kernel.packetmanager.impl.PacketCreatorImpl] - INFO  - SESSIONID - REGISTRATIONID - 10002100720007220200609115715 - Completed Subpacket: id
2020-06-09T12:03:13Z - [io.mosip.kernel.packetmanager.impl.PacketCreatorImpl] - INFO  - SESSIONID - REGISTRATIONID - 10002100720007220200609115715 - Exiting packet creation
