2020-06-05T14:07:20Z - [io.mosip.registration.scheduler.SchedulerUtil] - INFO  - REGISTRATION - UI - REGISTRATION - REG - The time task reminder alert is called at interval of seconds 400
2020-06-05T14:14:09Z - [io.mosip.registration.scheduler.SchedulerUtil] - INFO  - REGISTRATION - UI - REGISTRATION - REG - The time task reminder alert is called at interval of seconds 400
2020-06-05T14:20:53Z - [io.mosip.registration.scheduler.SchedulerUtil] - INFO  - REGISTRATION - UI - REGISTRATION - REG - The time task reminder alert is called at interval of seconds 400
2020-06-05T14:25:35Z - [io.mosip.registration.service.operator.impl.UserOnboardServiceImpl] - INFO  - REGISTRATION - USER_ONBOARD - USER_ONBOARD_IMLP - REGISTRATION - REG - fetching getMachineCenterId ....
2020-06-05T14:25:35Z - [io.mosip.registration.dao.impl.UserOnboardDAOImpl] - INFO  - REGISTRATION - USER_ONBOARD - USER_ONBOARD_IMLP - REGISTRATION - REG - getStationID() machineName --> desktop-77q2501
2020-06-05T14:25:35Z - [io.mosip.registration.dao.impl.UserOnboardDAOImpl] - INFO  - REGISTRATION - USER_ONBOARD - USER_ONBOARD_IMLP - REGISTRATION - REG - getCenterID() stationID --> 10072
2020-06-05T14:25:35Z - [io.mosip.registration.dao.impl.UserOnboardDAOImpl] - INFO  - REGISTRATION - USER_ONBOARD - USER_ONBOARD_IMLP - REGISTRATION - REG - fetching center details from repository....
2020-06-05T14:25:35Z - [io.mosip.registration.service.operator.impl.UserOnboardServiceImpl] - INFO  - REGISTRATION - USER_ONBOARD - USER_ONBOARD_IMLP - REGISTRATION - REG - station Id = 10072---->center Id = 10002
2020-06-05T14:25:35Z - [io.mosip.registration.service.bio.impl.BioServiceImpl] - INFO  - BIO_SERVICE - REGISTRATION - REG - Clearing All captures
2020-06-05T14:25:35Z - [io.mosip.registration.dao.impl.GlobalParamDAOImpl] - INFO  - REGISTRATION - GLOBALPARAMS - GLOBAL_PARAM_DAO_IMPL - REGISTRATION - REG - Get Global Param
2020-06-05T14:25:35Z - [io.mosip.registration.service.sync.impl.PolicySyncServiceImpl] - INFO  - REGISTRATION_KEY_POLICY_SYNC - REGISTRATION - REG - Key Validation is started
2020-06-05T14:25:35Z - [io.mosip.registration.dao.impl.UserOnboardDAOImpl] - INFO  - REGISTRATION - USER_ONBOARD - USER_ONBOARD_IMLP - REGISTRATION - REG - getStationID() machineName --> desktop-77q2501
2020-06-05T14:25:35Z - [io.mosip.registration.dao.impl.UserOnboardDAOImpl] - INFO  - REGISTRATION - USER_ONBOARD - USER_ONBOARD_IMLP - REGISTRATION - REG - getCenterID() stationID --> 10072
2020-06-05T14:25:35Z - [io.mosip.registration.dao.impl.UserOnboardDAOImpl] - INFO  - REGISTRATION - USER_ONBOARD - USER_ONBOARD_IMLP - REGISTRATION - REG - fetching center details from repository....
2020-06-05T14:25:35Z - [io.mosip.registration.service.sync.impl.PolicySyncServiceImpl] - INFO  - REGISTRATION_KEY_POLICY_SYNC - REGISTRATION - REG - Key Validation is started
2020-06-05T14:25:35Z - [io.mosip.registration.controller.reg.PacketHandlerController] - INFO  - REGISTRATION - PACKET_HANDLER - Packet_Handler_Controller - REGISTRATION - REG - Creation of Registration Starting.
2020-06-05T14:25:35Z - [io.mosip.registration.controller.reg.HeaderController] - INFO  - REGISTRATION - HEADER - HEADER_CONTROLLER - REGISTRATION - REG - Displaying Registration Officer details
2020-06-05T14:25:35Z - [io.mosip.registration.util.healthcheck.RegistrationAppHealthCheckUtil] - INFO  - REGISTRATION - REGISTRATION APP HEALTHCHECK UTIL - ISNETWORKAVAILABLE - REGISTRATION - REG - Registration Network Checker had been called.
2020-06-05T14:25:35Z - [io.mosip.registration.controller.reg.DemographicDetailController] - DEBUG - REGISTRATION_CONTROLLER - REGISTRATION - REG - Entering the Demographic Details Screen
2020-06-05T14:25:35Z - [io.mosip.registration.controller.reg.DemographicDetailController] - INFO  - REGISTRATION - CONTROLLER - REGISTRATION - REG - location.getHierarchyLevel() >>> 3 matchedfield.get(0).getId() >>> city
2020-06-05T14:25:35Z - [io.mosip.registration.controller.reg.DemographicDetailController] - INFO  - REGISTRATION - CONTROLLER - REGISTRATION - REG - location.getHierarchyLevel() >>> 4 matchedfield.get(0).getId() >>> zone
2020-06-05T14:25:35Z - [io.mosip.registration.controller.reg.DemographicDetailController] - INFO  - REGISTRATION - CONTROLLER - REGISTRATION - REG - location.getHierarchyLevel() >>> 5 matchedfield.get(0).getId() >>> postalCode
2020-06-05T14:25:35Z - [io.mosip.registration.controller.reg.DemographicDetailController] - INFO  - REGISTRATION - CONTROLLER - REGISTRATION - REG - location.getHierarchyLevel() >>> 4 matchedfield.get(0).getId() >>> zone
2020-06-05T14:25:35Z - [io.mosip.registration.controller.reg.DemographicDetailController] - INFO  - REGISTRATION - CONTROLLER - REGISTRATION - REG - location.getHierarchyLevel() >>> 5 matchedfield.get(0).getId() >>> postalCode
2020-06-05T14:25:35Z - [io.mosip.registration.controller.reg.DemographicDetailController] - INFO  - REGISTRATION - CONTROLLER - REGISTRATION - REG - location.getHierarchyLevel() >>> 4 matchedfield.get(0).getId() >>> zone
2020-06-05T14:25:35Z - [io.mosip.registration.controller.reg.DemographicDetailController] - INFO  - REGISTRATION - CONTROLLER - REGISTRATION - REG - location.getHierarchyLevel() >>> 5 matchedfield.get(0).getId() >>> postalCode
2020-06-05T14:25:35Z - [io.mosip.registration.controller.reg.DemographicDetailController] - INFO  - REGISTRATION - CONTROLLER - REGISTRATION - REG - location.getHierarchyLevel() >>> 4 matchedfield.get(0).getId() >>> zone
2020-06-05T14:25:35Z - [io.mosip.registration.controller.reg.DemographicDetailController] - INFO  - REGISTRATION - CONTROLLER - REGISTRATION - REG - location.getHierarchyLevel() >>> 5 matchedfield.get(0).getId() >>> postalCode
2020-06-05T14:25:35Z - [io.mosip.registration.controller.reg.DemographicDetailController] - INFO  - REGISTRATION - CONTROLLER - REGISTRATION - REG - location.getHierarchyLevel() >>> 4 matchedfield.get(0).getId() >>> zone
2020-06-05T14:25:35Z - [io.mosip.registration.controller.reg.DemographicDetailController] - INFO  - REGISTRATION - CONTROLLER - REGISTRATION - REG - location.getHierarchyLevel() >>> 5 matchedfield.get(0).getId() >>> postalCode
2020-06-05T14:25:35Z - [io.mosip.registration.controller.reg.DemographicDetailController] - INFO  - REGISTRATION - CONTROLLER - REGISTRATION - REG - location.getHierarchyLevel() >>> 4 matchedfield.get(0).getId() >>> zone
2020-06-05T14:25:35Z - [io.mosip.registration.controller.reg.DemographicDetailController] - INFO  - REGISTRATION - CONTROLLER - REGISTRATION - REG - location.getHierarchyLevel() >>> 5 matchedfield.get(0).getId() >>> postalCode
2020-06-05T14:25:35Z - [io.mosip.registration.controller.reg.DemographicDetailController] - INFO  - REGISTRATION - CONTROLLER - REGISTRATION - REG - location.getHierarchyLevel() >>> 4 matchedfield.get(0).getId() >>> zone
2020-06-05T14:25:35Z - [io.mosip.registration.controller.reg.DemographicDetailController] - INFO  - REGISTRATION - CONTROLLER - REGISTRATION - REG - location.getHierarchyLevel() >>> 5 matchedfield.get(0).getId() >>> postalCode
2020-06-05T14:25:35Z - [io.mosip.registration.controller.reg.DemographicDetailController] - INFO  - REGISTRATION - CONTROLLER - REGISTRATION - REG - location.getHierarchyLevel() >>> 5 matchedfield.get(0).getId() >>> postalCode
2020-06-05T14:25:35Z - [io.mosip.registration.controller.reg.DemographicDetailController] - INFO  - REGISTRATION - CONTROLLER - REGISTRATION - REG - location.getHierarchyLevel() >>> 5 matchedfield.get(0).getId() >>> postalCode
2020-06-05T14:25:35Z - [io.mosip.registration.controller.reg.DemographicDetailController] - INFO  - REGISTRATION - CONTROLLER - REGISTRATION - REG - location.getHierarchyLevel() >>> 5 matchedfield.get(0).getId() >>> postalCode
2020-06-05T14:25:35Z - [io.mosip.registration.controller.reg.DemographicDetailController] - INFO  - REGISTRATION - CONTROLLER - REGISTRATION - REG - location.getHierarchyLevel() >>> 5 matchedfield.get(0).getId() >>> postalCode
2020-06-05T14:25:35Z - [io.mosip.registration.controller.reg.DemographicDetailController] - INFO  - REGISTRATION - CONTROLLER - REGISTRATION - REG - location.getHierarchyLevel() >>> 5 matchedfield.get(0).getId() >>> postalCode
2020-06-05T14:25:35Z - [io.mosip.registration.controller.reg.DemographicDetailController] - INFO  - REGISTRATION - CONTROLLER - REGISTRATION - REG - location.getHierarchyLevel() >>> 4 matchedfield.get(0).getId() >>> zone
2020-06-05T14:25:35Z - [io.mosip.registration.controller.reg.DemographicDetailController] - INFO  - REGISTRATION - CONTROLLER - REGISTRATION - REG - location.getHierarchyLevel() >>> 5 matchedfield.get(0).getId() >>> postalCode
2020-06-05T14:25:35Z - [io.mosip.registration.controller.reg.DemographicDetailController] - INFO  - REGISTRATION - CONTROLLER - REGISTRATION - REG - location.getHierarchyLevel() >>> 4 matchedfield.get(0).getId() >>> zone
2020-06-05T14:25:35Z - [io.mosip.registration.controller.reg.DemographicDetailController] - INFO  - REGISTRATION - CONTROLLER - REGISTRATION - REG - location.getHierarchyLevel() >>> 5 matchedfield.get(0).getId() >>> postalCode
2020-06-05T14:25:35Z - [io.mosip.registration.controller.reg.DemographicDetailController] - INFO  - REGISTRATION - CONTROLLER - REGISTRATION - REG - location.getHierarchyLevel() >>> 4 matchedfield.get(0).getId() >>> zone
2020-06-05T14:25:35Z - [io.mosip.registration.controller.reg.DemographicDetailController] - INFO  - REGISTRATION - CONTROLLER - REGISTRATION - REG - location.getHierarchyLevel() >>> 5 matchedfield.get(0).getId() >>> postalCode
2020-06-05T14:25:35Z - [io.mosip.registration.controller.reg.DemographicDetailController] - INFO  - REGISTRATION - CONTROLLER - REGISTRATION - REG - location.getHierarchyLevel() >>> 4 matchedfield.get(0).getId() >>> zone
2020-06-05T14:25:35Z - [io.mosip.registration.controller.reg.DemographicDetailController] - INFO  - REGISTRATION - CONTROLLER - REGISTRATION - REG - location.getHierarchyLevel() >>> 5 matchedfield.get(0).getId() >>> postalCode
2020-06-05T14:25:35Z - [io.mosip.registration.controller.reg.DemographicDetailController] - INFO  - REGISTRATION - CONTROLLER - REGISTRATION - REG - location.getHierarchyLevel() >>> 2 matchedfield.get(0).getId() >>> province
2020-06-05T14:25:35Z - [io.mosip.registration.controller.reg.DemographicDetailController] - INFO  - REGISTRATION - CONTROLLER - REGISTRATION - REG - location.getHierarchyLevel() >>> 1 matchedfield.get(0).getId() >>> region
2020-06-05T14:25:35Z - [io.mosip.registration.controller.reg.DemographicDetailController] - INFO  - REGISTRATION - CONTROLLER - REGISTRATION - REG - location.getHierarchyLevel() >>> 2 matchedfield.get(0).getId() >>> province
2020-06-05T14:25:35Z - [io.mosip.registration.controller.reg.DemographicDetailController] - INFO  - REGISTRATION - CONTROLLER - REGISTRATION - REG - location.getHierarchyLevel() >>> 3 matchedfield.get(0).getId() >>> city
2020-06-05T14:25:35Z - [io.mosip.registration.controller.reg.DemographicDetailController] - INFO  - REGISTRATION - CONTROLLER - REGISTRATION - REG - location.getHierarchyLevel() >>> 4 matchedfield.get(0).getId() >>> zone
2020-06-05T14:25:35Z - [io.mosip.registration.controller.reg.DemographicDetailController] - INFO  - REGISTRATION - CONTROLLER - REGISTRATION - REG - location.getHierarchyLevel() >>> 5 matchedfield.get(0).getId() >>> postalCode
2020-06-05T14:25:35Z - [io.mosip.registration.controller.reg.DemographicDetailController] - INFO  - REGISTRATION - CONTROLLER - REGISTRATION - REG - location.getHierarchyLevel() >>> 4 matchedfield.get(0).getId() >>> zone
2020-06-05T14:25:35Z - [io.mosip.registration.controller.reg.DemographicDetailController] - INFO  - REGISTRATION - CONTROLLER - REGISTRATION - REG - location.getHierarchyLevel() >>> 5 matchedfield.get(0).getId() >>> postalCode
2020-06-05T14:25:35Z - [io.mosip.registration.controller.reg.DemographicDetailController] - INFO  - REGISTRATION - CONTROLLER - REGISTRATION - REG - location.getHierarchyLevel() >>> 4 matchedfield.get(0).getId() >>> zone
2020-06-05T14:25:35Z - [io.mosip.registration.controller.reg.DemographicDetailController] - INFO  - REGISTRATION - CONTROLLER - REGISTRATION - REG - location.getHierarchyLevel() >>> 5 matchedfield.get(0).getId() >>> postalCode
2020-06-05T14:25:35Z - [io.mosip.registration.controller.reg.DemographicDetailController] - INFO  - REGISTRATION - CONTROLLER - REGISTRATION - REG - location.getHierarchyLevel() >>> 4 matchedfield.get(0).getId() >>> zone
2020-06-05T14:25:35Z - [io.mosip.registration.controller.BaseController] - INFO  - REGISTRATION - BASE - BASE_CONTROLLER - REGISTRATION - REG - Fetching value from application Context
2020-06-05T14:25:35Z - [io.mosip.registration.controller.BaseController] - INFO  - REGISTRATION - BASE - BASE_CONTROLLER - REGISTRATION - REG - Fetching value from application Context
2020-06-05T14:25:35Z - [io.mosip.registration.controller.reg.DemographicDetailController] - DEBUG - REGISTRATION_CONTROLLER - REGISTRATION - REG - Validating the age given by age field
2020-06-05T14:25:35Z - [io.mosip.registration.controller.reg.DemographicDetailController] - DEBUG - REGISTRATION_CONTROLLER - REGISTRATION - REG - Validating the age given by age field
2020-06-05T14:25:35Z - [io.mosip.registration.controller.reg.DemographicDetailController] - DEBUG - REGISTRATION_CONTROLLER - REGISTRATION - REG - Validating the age given by age field
2020-06-05T14:25:35Z - [io.mosip.registration.controller.reg.DemographicDetailController] - DEBUG - REGISTRATION_CONTROLLER - REGISTRATION - REG - Validating the age given by age field
2020-06-05T14:25:35Z - [io.mosip.registration.controller.reg.DocumentScanController] - INFO  - DOCUMNET_SCAN_CONTROLLER - REGISTRATION - REG - Entering the DOCUMENT_SCAN_CONTROLLER
2020-06-05T14:25:35Z - [io.mosip.registration.controller.reg.DocumentScanController] - DEBUG - REGISTRATION_CONTROLLER - REGISTRATION - REG - Entering into toggle function for Biometric exception
2020-06-05T14:25:35Z - [io.mosip.registration.controller.BaseController] - INFO  - REGISTRATION - BASE - BASE_CONTROLLER - REGISTRATION - REG - Updating page flow to navigate next or previous
2020-06-05T14:25:35Z - [io.mosip.registration.controller.reg.DocumentScanController] - DEBUG - REGISTRATION_CONTROLLER - REGISTRATION - REG - Exiting the toggle function for Biometric exception
2020-06-05T14:25:35Z - [io.mosip.registration.controller.reg.BiometricExceptionController] - INFO  - REGISTRATION - FINGER_LABEL_LISTENER - BIOMETRIC_EXCEPTION_LISTENER - REGISTRATION - REG - It will listen the finger on click funtionality
2020-06-05T14:25:35Z - [io.mosip.registration.controller.reg.BiometricExceptionController] - INFO  - REGISTRATION - FINGER_LABEL_LISTENER_END - BIOMETRIC_EXCEPTION_LISTENER - REGISTRATION - REG - End of functionality
2020-06-05T14:25:35Z - [io.mosip.registration.controller.reg.BiometricExceptionController] - INFO  - REGISTRATION - FINGER_LABEL_LISTENER - BIOMETRIC_EXCEPTION_LISTENER - REGISTRATION - REG - It will listen the finger on click funtionality
2020-06-05T14:25:35Z - [io.mosip.registration.controller.reg.BiometricExceptionController] - INFO  - REGISTRATION - FINGER_LABEL_LISTENER_END - BIOMETRIC_EXCEPTION_LISTENER - REGISTRATION - REG - End of functionality
2020-06-05T14:25:35Z - [io.mosip.registration.controller.reg.BiometricExceptionController] - INFO  - REGISTRATION - FINGER_LABEL_LISTENER - BIOMETRIC_EXCEPTION_LISTENER - REGISTRATION - REG - It will listen the finger on click funtionality
2020-06-05T14:25:35Z - [io.mosip.registration.controller.reg.BiometricExceptionController] - INFO  - REGISTRATION - FINGER_LABEL_LISTENER_END - BIOMETRIC_EXCEPTION_LISTENER - REGISTRATION - REG - End of functionality
2020-06-05T14:25:35Z - [io.mosip.registration.controller.reg.BiometricExceptionController] - INFO  - REGISTRATION - FINGER_LABEL_LISTENER - BIOMETRIC_EXCEPTION_LISTENER - REGISTRATION - REG - It will listen the finger on click funtionality
2020-06-05T14:25:35Z - [io.mosip.registration.controller.reg.BiometricExceptionController] - INFO  - REGISTRATION - FINGER_LABEL_LISTENER_END - BIOMETRIC_EXCEPTION_LISTENER - REGISTRATION - REG - End of functionality
2020-06-05T14:25:35Z - [io.mosip.registration.controller.reg.BiometricExceptionController] - INFO  - REGISTRATION - FINGER_LABEL_LISTENER - BIOMETRIC_EXCEPTION_LISTENER - REGISTRATION - REG - It will listen the finger on click funtionality
2020-06-05T14:25:35Z - [io.mosip.registration.controller.reg.BiometricExceptionController] - INFO  - REGISTRATION - FINGER_LABEL_LISTENER_END - BIOMETRIC_EXCEPTION_LISTENER - REGISTRATION - REG - End of functionality
2020-06-05T14:25:35Z - [io.mosip.registration.controller.reg.BiometricExceptionController] - INFO  - REGISTRATION - FINGER_LABEL_LISTENER - BIOMETRIC_EXCEPTION_LISTENER - REGISTRATION - REG - It will listen the finger on click funtionality
2020-06-05T14:25:35Z - [io.mosip.registration.controller.reg.BiometricExceptionController] - INFO  - REGISTRATION - FINGER_LABEL_LISTENER_END - BIOMETRIC_EXCEPTION_LISTENER - REGISTRATION - REG - End of functionality
2020-06-05T14:25:35Z - [io.mosip.registration.controller.reg.BiometricExceptionController] - INFO  - REGISTRATION - FINGER_LABEL_LISTENER - BIOMETRIC_EXCEPTION_LISTENER - REGISTRATION - REG - It will listen the finger on click funtionality
2020-06-05T14:25:35Z - [io.mosip.registration.controller.reg.BiometricExceptionController] - INFO  - REGISTRATION - FINGER_LABEL_LISTENER_END - BIOMETRIC_EXCEPTION_LISTENER - REGISTRATION - REG - End of functionality
2020-06-05T14:25:35Z - [io.mosip.registration.controller.reg.BiometricExceptionController] - INFO  - REGISTRATION - FINGER_LABEL_LISTENER - BIOMETRIC_EXCEPTION_LISTENER - REGISTRATION - REG - It will listen the finger on click funtionality
2020-06-05T14:25:35Z - [io.mosip.registration.controller.reg.BiometricExceptionController] - INFO  - REGISTRATION - FINGER_LABEL_LISTENER_END - BIOMETRIC_EXCEPTION_LISTENER - REGISTRATION - REG - End of functionality
2020-06-05T14:25:35Z - [io.mosip.registration.controller.reg.BiometricExceptionController] - INFO  - REGISTRATION - FINGER_LABEL_LISTENER - BIOMETRIC_EXCEPTION_LISTENER - REGISTRATION - REG - It will listen the finger on click funtionality
2020-06-05T14:25:35Z - [io.mosip.registration.controller.reg.BiometricExceptionController] - INFO  - REGISTRATION - FINGER_LABEL_LISTENER_END - BIOMETRIC_EXCEPTION_LISTENER - REGISTRATION - REG - End of functionality
2020-06-05T14:25:35Z - [io.mosip.registration.controller.reg.BiometricExceptionController] - INFO  - REGISTRATION - FINGER_LABEL_LISTENER - BIOMETRIC_EXCEPTION_LISTENER - REGISTRATION - REG - It will listen the finger on click funtionality
2020-06-05T14:25:35Z - [io.mosip.registration.controller.reg.BiometricExceptionController] - INFO  - REGISTRATION - FINGER_LABEL_LISTENER_END - BIOMETRIC_EXCEPTION_LISTENER - REGISTRATION - REG - End of functionality
2020-06-05T14:25:35Z - [io.mosip.registration.controller.reg.BiometricExceptionController] - INFO  - REGISTRATION - IRIS_EXCEPTION_LISTENER - BIOMETRIC_EXCEPTION_LISTENER - REGISTRATION - REG - It will listen the iris on click functionality
2020-06-05T14:25:35Z - [io.mosip.registration.controller.reg.BiometricExceptionController] - INFO  - REGISTRATION - IRIS_EXCEPTION_LISTENER_END - BIOMETRIC_EXCEPTION_LISTENER - REGISTRATION - REG - End of Iris Functionality
2020-06-05T14:25:35Z - [io.mosip.registration.controller.reg.BiometricExceptionController] - INFO  - REGISTRATION - IRIS_EXCEPTION_LISTENER - BIOMETRIC_EXCEPTION_LISTENER - REGISTRATION - REG - It will listen the iris on click functionality
2020-06-05T14:25:35Z - [io.mosip.registration.controller.reg.BiometricExceptionController] - INFO  - REGISTRATION - IRIS_EXCEPTION_LISTENER_END - BIOMETRIC_EXCEPTION_LISTENER - REGISTRATION - REG - End of Iris Functionality
2020-06-05T14:25:35Z - [io.mosip.registration.controller.device.GuardianBiometricsController] - INFO  - REGISTRATION - USER_REGISTRATION - GUARDIAN_BIOMETRIC_CONTROLLER - REGISTRATION - REG - Loading of Guardian Biometric screen started
2020-06-05T14:25:35Z - [io.mosip.registration.controller.device.FingerPrintCaptureController] - INFO  - REGISTRATION - USER_REGISTRATION - FINGERPRINT_CAPTURE_CONTROLLER - REGISTRATION - REG - Loading of FingerprintCapture screen started
2020-06-05T14:25:35Z - [io.mosip.registration.controller.BaseController] - INFO  - REGISTRATION - BASE - BASE_CONTROLLER - REGISTRATION - REG - Fetching value from application Context
2020-06-05T14:25:35Z - [io.mosip.registration.controller.BaseController] - INFO  - REGISTRATION - BASE - BASE_CONTROLLER - REGISTRATION - REG - Fetching value from application Context
2020-06-05T14:25:35Z - [io.mosip.registration.controller.BaseController] - INFO  - REGISTRATION - BASE - BASE_CONTROLLER - REGISTRATION - REG - Fetching value from application Context
2020-06-05T14:25:35Z - [io.mosip.registration.controller.BaseController] - INFO  - REGISTRATION - BASE - BASE_CONTROLLER - REGISTRATION - REG - Fetching value from application Context
2020-06-05T14:25:35Z - [io.mosip.registration.controller.BaseController] - INFO  - REGISTRATION - BASE - BASE_CONTROLLER - REGISTRATION - REG - Fetching value from application Context
2020-06-05T14:25:35Z - [io.mosip.registration.controller.BaseController] - INFO  - REGISTRATION - BASE - BASE_CONTROLLER - REGISTRATION - REG - Fetching value from application Context
2020-06-05T14:25:35Z - [io.mosip.registration.controller.BaseController] - INFO  - REGISTRATION - BASE - BASE_CONTROLLER - REGISTRATION - REG - Fetching Quality score while capturing Biometrics
2020-06-05T14:25:35Z - [io.mosip.registration.controller.BaseController] - INFO  - REGISTRATION - BASE - BASE_CONTROLLER - REGISTRATION - REG - Fetching value from application Context
2020-06-05T14:25:35Z - [io.mosip.registration.controller.BaseController] - INFO  - REGISTRATION - BASE - BASE_CONTROLLER - REGISTRATION - REG - Fetching Quality score while capturing Biometrics
2020-06-05T14:25:35Z - [io.mosip.registration.controller.BaseController] - INFO  - REGISTRATION - BASE - BASE_CONTROLLER - REGISTRATION - REG - Fetching value from application Context
2020-06-05T14:25:35Z - [io.mosip.registration.controller.BaseController] - INFO  - REGISTRATION - BASE - BASE_CONTROLLER - REGISTRATION - REG - Fetching Quality score while capturing Biometrics
2020-06-05T14:25:35Z - [io.mosip.registration.controller.device.FingerPrintCaptureController] - INFO  - REGISTRATION - USER_REGISTRATION - FINGERPRINT_CAPTURE_CONTROLLER - REGISTRATION - REG - Loading of FingerprintCapture screen ended
2020-06-05T14:25:35Z - [io.mosip.registration.controller.device.IrisCaptureController] - INFO  - REGISTRATION - USER_REGISTRATION - IRIS_CAPTURE_CONTROLLER - REGISTRATION - REG - Initializing Iris Capture page for user registration
2020-06-05T14:25:35Z - [io.mosip.registration.controller.BaseController] - INFO  - REGISTRATION - BASE - BASE_CONTROLLER - REGISTRATION - REG - Fetching value from application Context
2020-06-05T14:25:35Z - [io.mosip.registration.controller.BaseController] - INFO  - REGISTRATION - BASE - BASE_CONTROLLER - REGISTRATION - REG - Fetching value from application Context
2020-06-05T14:25:35Z - [io.mosip.registration.controller.BaseController] - INFO  - REGISTRATION - BASE - BASE_CONTROLLER - REGISTRATION - REG - Fetching value from application Context
2020-06-05T14:25:35Z - [io.mosip.registration.controller.BaseController] - INFO  - REGISTRATION - BASE - BASE_CONTROLLER - REGISTRATION - REG - Fetching value from application Context
2020-06-05T14:25:35Z - [io.mosip.registration.controller.BaseController] - INFO  - REGISTRATION - BASE - BASE_CONTROLLER - REGISTRATION - REG - Fetching value from application Context
2020-06-05T14:25:35Z - [io.mosip.registration.controller.device.IrisCaptureController] - INFO  - REGISTRATION - USER_REGISTRATION - IRIS_CAPTURE_CONTROLLER - REGISTRATION - REG - Initializing Iris Capture page for user registration completed
2020-06-05T14:25:36Z - [io.mosip.registration.controller.device.FaceCaptureController] - INFO  - REGISTRATION - UI - FACE_CAPTURE_CONTROLLER - REGISTRATION - REG - Loading of FaceCapture screen started
2020-06-05T14:25:36Z - [io.mosip.registration.controller.BaseController] - INFO  - REGISTRATION - BASE - BASE_CONTROLLER - REGISTRATION - REG - Fetching value from application Context
2020-06-05T14:25:36Z - [io.mosip.registration.controller.BaseController] - INFO  - REGISTRATION - BASE - BASE_CONTROLLER - REGISTRATION - REG - Fetching value from application Context
2020-06-05T14:25:36Z - [io.mosip.registration.controller.reg.RegistrationController] - DEBUG - REGISTRATION_CONTROLLER - REGISTRATION - REG - Entering the Registration Controller
2020-06-05T14:25:36Z - [io.mosip.registration.controller.reg.PacketHandlerController] - INFO  - REGISTRATION - CREATE_PACKET - REGISTRATION_OFFICER_PACKET_CONTROLLER - REGISTRATION - REG - Validating Create Packet screen for specific role
2020-06-05T14:25:36Z - [io.mosip.registration.service.sync.impl.SyncStatusValidatorServiceImpl] - INFO  - REGISTRATION - SYNC - SYNC_STATUS_VALIDATOR_SERVICE_IMPL - REGISTRATION - REG - Validating the sync status started
2020-06-05T14:25:36Z - [io.mosip.registration.service.sync.impl.SyncStatusValidatorServiceImpl] - INFO  - REGISTRATION - SYNC - SYNC_STATUS_VALIDATOR_SERVICE_IMPL - REGISTRATION - REG - Fetching Registration details where status is Registered
2020-06-05T14:25:36Z - [io.mosip.registration.dao.impl.SyncJobControlDAOImpl] - INFO  - REGISTRATION-SYNC-JOB_CONTROL DAO - REGISTRATION - REG - Fetching the Registration Details of Registered Status
2020-06-05T14:25:36Z - [io.mosip.registration.service.sync.impl.SyncStatusValidatorServiceImpl] - INFO  - REGISTRATION - SYNC - SYNC_STATUS_VALIDATOR_SERVICE_IMPL - REGISTRATION - REG - Validating the count of packets of status Registered with configured value
2020-06-05T14:25:36Z - [io.mosip.registration.service.sync.impl.SyncStatusValidatorServiceImpl] - INFO  - REGISTRATION - SYNC - SYNC_STATUS_VALIDATOR_SERVICE_IMPL - REGISTRATION - REG - Validating the Duration of oldest packet of status Registered with configured duration
2020-06-05T14:25:36Z - [io.mosip.registration.service.sync.impl.SyncStatusValidatorServiceImpl] - INFO  - REGISTRATION - SYNC - SYNC_STATUS_VALIDATOR_SERVICE_IMPL - REGISTRATION - REG - Fetching Job ID's from sync_job_def table using API name started
2020-06-05T14:25:36Z - [io.mosip.registration.dao.impl.SyncJobConfigDAOImpl] - INFO  - REGISTRATION-JOB_CONFIF_DAO - REGISTRATION - REG - Get all Sync Jobs
2020-06-05T14:25:36Z - [io.mosip.registration.service.sync.impl.SyncStatusValidatorServiceImpl] - INFO  - REGISTRATION - SYNC - SYNC_STATUS_VALIDATOR_SERVICE_IMPL - REGISTRATION - REG - Fetching Job ID's from sync_job_def table using API name ended
2020-06-05T14:25:36Z - [io.mosip.registration.dao.impl.SyncJobControlDAOImpl] - INFO  - REGISTRATION - SYNC - VALIDATION - REGISTRATION - REG - Fetching the last sync details from database started
2020-06-05T14:25:36Z - [io.mosip.registration.dao.impl.SyncJobControlDAOImpl] - INFO  - REGISTRATION - SYNC - VALIDATION - REGISTRATION - REG - Fetching the last sync details from database ended
2020-06-05T14:25:36Z - [io.mosip.registration.service.sync.impl.SyncStatusValidatorServiceImpl] - INFO  - REGISTRATION - SYNC - SYNC_STATUS_VALIDATOR_SERVICE_IMPL - REGISTRATION - REG - Fetched SyncJobInfo containing the sync control list and yet to export packet count
2020-06-05T14:25:36Z - [io.mosip.registration.service.sync.impl.SyncStatusValidatorServiceImpl] - INFO  - REGISTRATION - SYNC - SYNC_STATUS_VALIDATOR_SERVICE_IMPL - REGISTRATION - REG - Checking the actualdaysfrequency with the configured frequency [Thu May 28 14:05:23 UTC 2020]
2020-06-05T14:25:36Z - [io.mosip.registration.service.sync.impl.SyncStatusValidatorServiceImpl] - INFO  - REGISTRATION - SYNC - SYNC_STATUS_VALIDATOR_SERVICE_IMPL - REGISTRATION - REG - Checking the actualdaysfrequency with the configured frequency [Fri Jun 05 13:37:30 UTC 2020]
2020-06-05T14:25:36Z - [io.mosip.registration.service.sync.impl.SyncStatusValidatorServiceImpl] - INFO  - REGISTRATION - SYNC - SYNC_STATUS_VALIDATOR_SERVICE_IMPL - REGISTRATION - REG - Checking the actualdaysfrequency with the configured frequency [Fri Jun 05 13:37:37 UTC 2020]
2020-06-05T14:25:36Z - [io.mosip.registration.service.sync.impl.SyncStatusValidatorServiceImpl] - INFO  - REGISTRATION - SYNC - SYNC_STATUS_VALIDATOR_SERVICE_IMPL - REGISTRATION - REG - Checking the actualdaysfrequency with the configured frequency [Fri Jun 05 11:00:00 UTC 2020]
2020-06-05T14:25:36Z - [io.mosip.registration.service.sync.impl.SyncStatusValidatorServiceImpl] - INFO  - REGISTRATION - SYNC - SYNC_STATUS_VALIDATOR_SERVICE_IMPL - REGISTRATION - REG - Checking the actualdaysfrequency with the configured frequency [Thu May 28 14:00:28 UTC 2020]
2020-06-05T14:25:36Z - [io.mosip.registration.service.sync.impl.SyncStatusValidatorServiceImpl] - INFO  - REGISTRATION - SYNC - SYNC_STATUS_VALIDATOR_SERVICE_IMPL - REGISTRATION - REG - Checking the actualdaysfrequency with the configured frequency [Fri Jun 05 13:37:37 UTC 2020]
2020-06-05T14:25:36Z - [io.mosip.registration.service.sync.impl.SyncStatusValidatorServiceImpl] - INFO  - REGISTRATION - SYNC - SYNC_STATUS_VALIDATOR_SERVICE_IMPL - REGISTRATION - REG - Checking the actualdaysfrequency with the configured frequency [Fri Jun 05 11:00:00 UTC 2020]
2020-06-05T14:25:36Z - [io.mosip.registration.service.sync.impl.SyncStatusValidatorServiceImpl] - INFO  - REGISTRATION - SYNC - SYNC_STATUS_VALIDATOR_SERVICE_IMPL - REGISTRATION - REG - Checking the actualdaysfrequency with the configured frequency [Fri Jun 05 11:00:02 UTC 2020]
2020-06-05T14:25:36Z - [io.mosip.registration.service.sync.impl.SyncStatusValidatorServiceImpl] - INFO  - REGISTRATION - SYNC - SYNC_STATUS_VALIDATOR_SERVICE_IMPL - REGISTRATION - REG - Checking the actualdaysfrequency with the configured frequency [Fri Jun 05 13:37:41 UTC 2020]
2020-06-05T14:25:36Z - [io.mosip.registration.service.sync.impl.SyncStatusValidatorServiceImpl] - INFO  - REGISTRATION - SYNC - SYNC_STATUS_VALIDATOR_SERVICE_IMPL - REGISTRATION - REG - Checking the actualdaysfrequency with the configured frequency [Thu May 28 14:05:24 UTC 2020]
2020-06-05T14:25:36Z - [io.mosip.registration.service.sync.impl.SyncStatusValidatorServiceImpl] - INFO  - REGISTRATION - SYNC - SYNC_STATUS_VALIDATOR_SERVICE_IMPL - REGISTRATION - REG - Checking the actualdaysfrequency with the configured frequency [Fri Jun 05 11:00:03 UTC 2020]
2020-06-05T14:25:36Z - [io.mosip.registration.service.sync.impl.SyncStatusValidatorServiceImpl] - INFO  - REGISTRATION - SYNC - SYNC_STATUS_VALIDATOR_SERVICE_IMPL - REGISTRATION - REG - Checking the actualdaysfrequency with the configured frequency [Thu May 28 14:05:29 UTC 2020]
2020-06-05T14:25:36Z - [io.mosip.registration.service.sync.impl.SyncStatusValidatorServiceImpl] - INFO  - REGISTRATION - SYNC - SYNC_STATUS_VALIDATOR_SERVICE_IMPL - REGISTRATION - REG - Checking the actualdaysfrequency with the configured frequency [Wed May 27 06:10:58 UTC 2020]
2020-06-05T14:25:36Z - [io.mosip.registration.service.sync.impl.SyncStatusValidatorServiceImpl] - INFO  - REGISTRATION - SYNC - SYNC_STATUS_VALIDATOR_SERVICE_IMPL - REGISTRATION - REG - Checking the actualdaysfrequency with the configured frequency [Wed May 27 06:10:58 UTC 2020]
2020-06-05T14:25:36Z - [io.mosip.registration.service.sync.impl.SyncStatusValidatorServiceImpl] - INFO  - REGISTRATION - SYNC - SYNC_STATUS_VALIDATOR_SERVICE_IMPL - REGISTRATION - REG - Checking the actualdaysfrequency with the configured frequency [Thu May 28 13:52:41 UTC 2020]
2020-06-05T14:25:36Z - [io.mosip.registration.service.sync.impl.SyncStatusValidatorServiceImpl] - INFO  - REGISTRATION - SYNC - SYNC_STATUS_VALIDATOR_SERVICE_IMPL - REGISTRATION - REG - Capturing the login time First time login
2020-06-05T14:25:36Z - [io.mosip.registration.service.sync.impl.SyncStatusValidatorServiceImpl] - INFO  - REGISTRATION - SYNC - SYNC_STATUS_VALIDATOR_SERVICE_IMPL - REGISTRATION - REG - Getting the center latitude and longitudes from session context
2020-06-05T14:25:36Z - [io.mosip.registration.service.sync.impl.SyncStatusValidatorServiceImpl] - INFO  - REGISTRATION - SYNC - SYNC_STATUS_VALIDATOR_SERVICE_IMPL - REGISTRATION - REG - Validating the geo location of machine w.r.t registration center ended
2020-06-05T14:25:36Z - [io.mosip.registration.dao.impl.GlobalParamDAOImpl] - INFO  - REGISTRATION - GLOBALPARAMS - GLOBAL_PARAM_DAO_IMPL - REGISTRATION - REG - Get Global Param
2020-06-05T14:25:36Z - [io.mosip.registration.service.sync.impl.SyncStatusValidatorServiceImpl] - INFO  - REGISTRATION - SYNC - SYNC_STATUS_VALIDATOR_SERVICE_IMPL - REGISTRATION - REG - Validating the sync status ended
2020-06-05T14:25:36Z - [io.mosip.registration.controller.reg.AlertController] - INFO  - REGISTRATION - ALERT_CONTROLLER - ALERT_GENERATION - REGISTRATION - REG - Alert generation has been started
2020-06-05T14:25:36Z - [io.mosip.registration.controller.reg.AlertController] - INFO  - REGISTRATION - ALERT_CONTROLLER - ALERT_GENERATION - REGISTRATION - REG - Alert generation has been ended
2020-06-05T14:25:38Z - [io.mosip.registration.controller.reg.AlertController] - INFO  - REGISTRATION - ALERT_CONTROLLER - ALERT_GENERATION - REGISTRATION - REG - Alert closing has been started
2020-06-05T14:25:38Z - [io.mosip.registration.controller.reg.AlertController] - INFO  - REGISTRATION - ALERT_CONTROLLER - ALERT_GENERATION - REGISTRATION - REG - Alert closing has been ended
2020-06-05T14:25:38Z - [io.mosip.registration.controller.reg.AlertController] - INFO  - REGISTRATION - ALERT_CONTROLLER - ALERT_GENERATION - REGISTRATION - REG - Alert closing has been started
2020-06-05T14:25:38Z - [io.mosip.registration.controller.reg.AlertController] - INFO  - REGISTRATION - ALERT_CONTROLLER - ALERT_GENERATION - REGISTRATION - REG - Alert closing has been ended
2020-06-05T14:25:38Z - [io.mosip.registration.controller.reg.PacketHandlerController] - INFO  - REGISTRATION - PACKET_HANDLER - Packet_Handler_Controller - REGISTRATION - REG - Creation of Registration ended.
2020-06-05T14:25:40Z - [io.mosip.registration.service.operator.impl.UserOnboardServiceImpl] - INFO  - REGISTRATION - USER_ONBOARD - USER_ONBOARD_IMLP - REGISTRATION - REG - fetching getMachineCenterId ....
2020-06-05T14:25:40Z - [io.mosip.registration.dao.impl.UserOnboardDAOImpl] - INFO  - REGISTRATION - USER_ONBOARD - USER_ONBOARD_IMLP - REGISTRATION - REG - getStationID() machineName --> desktop-77q2501
2020-06-05T14:25:40Z - [io.mosip.registration.dao.impl.UserOnboardDAOImpl] - INFO  - REGISTRATION - USER_ONBOARD - USER_ONBOARD_IMLP - REGISTRATION - REG - getCenterID() stationID --> 10072
2020-06-05T14:25:40Z - [io.mosip.registration.dao.impl.UserOnboardDAOImpl] - INFO  - REGISTRATION - USER_ONBOARD - USER_ONBOARD_IMLP - REGISTRATION - REG - fetching center details from repository....
2020-06-05T14:25:40Z - [io.mosip.registration.service.operator.impl.UserOnboardServiceImpl] - INFO  - REGISTRATION - USER_ONBOARD - USER_ONBOARD_IMLP - REGISTRATION - REG - station Id = 10072---->center Id = 10002
2020-06-05T14:25:40Z - [io.mosip.registration.service.bio.impl.BioServiceImpl] - INFO  - BIO_SERVICE - REGISTRATION - REG - Clearing All captures
2020-06-05T14:25:40Z - [io.mosip.registration.dao.impl.GlobalParamDAOImpl] - INFO  - REGISTRATION - GLOBALPARAMS - GLOBAL_PARAM_DAO_IMPL - REGISTRATION - REG - Get Global Param
2020-06-05T14:25:40Z - [io.mosip.registration.service.sync.impl.PolicySyncServiceImpl] - INFO  - REGISTRATION_KEY_POLICY_SYNC - REGISTRATION - REG - Key Validation is started
2020-06-05T14:25:40Z - [io.mosip.registration.dao.impl.UserOnboardDAOImpl] - INFO  - REGISTRATION - USER_ONBOARD - USER_ONBOARD_IMLP - REGISTRATION - REG - getStationID() machineName --> desktop-77q2501
2020-06-05T14:25:40Z - [io.mosip.registration.dao.impl.UserOnboardDAOImpl] - INFO  - REGISTRATION - USER_ONBOARD - USER_ONBOARD_IMLP - REGISTRATION - REG - getCenterID() stationID --> 10072
2020-06-05T14:25:40Z - [io.mosip.registration.dao.impl.UserOnboardDAOImpl] - INFO  - REGISTRATION - USER_ONBOARD - USER_ONBOARD_IMLP - REGISTRATION - REG - fetching center details from repository....
2020-06-05T14:25:40Z - [io.mosip.registration.service.sync.impl.PolicySyncServiceImpl] - INFO  - REGISTRATION_KEY_POLICY_SYNC - REGISTRATION - REG - Key Validation is started
2020-06-05T14:25:40Z - [io.mosip.registration.controller.reg.PacketHandlerController] - INFO  - REGISTRATION - PACKET_HANDLER - Packet_Handler_Controller - REGISTRATION - REG - Loading Update UIN screen started.
2020-06-05T14:25:40Z - [io.mosip.registration.controller.BaseController] - INFO  - REGISTRATION - BASE - BASE_CONTROLLER - REGISTRATION - REG - Fetching value from application Context
2020-06-05T14:25:40Z - [io.mosip.registration.controller.reg.HeaderController] - INFO  - REGISTRATION - HEADER - HEADER_CONTROLLER - REGISTRATION - REG - Displaying Registration Officer details
2020-06-05T14:25:40Z - [io.mosip.registration.util.healthcheck.RegistrationAppHealthCheckUtil] - INFO  - REGISTRATION - REGISTRATION APP HEALTHCHECK UTIL - ISNETWORKAVAILABLE - REGISTRATION - REG - Registration Network Checker had been called.
2020-06-05T14:25:40Z - [io.mosip.registration.controller.reg.PacketHandlerController] - INFO  - REGISTRATION - update UIN - REGISTRATION_OFFICER_PACKET_CONTROLLER - REGISTRATION - REG - updating UIN
2020-06-05T14:25:40Z - [io.mosip.registration.service.sync.impl.SyncStatusValidatorServiceImpl] - INFO  - REGISTRATION - SYNC - SYNC_STATUS_VALIDATOR_SERVICE_IMPL - REGISTRATION - REG - Validating the sync status started
2020-06-05T14:25:40Z - [io.mosip.registration.service.sync.impl.SyncStatusValidatorServiceImpl] - INFO  - REGISTRATION - SYNC - SYNC_STATUS_VALIDATOR_SERVICE_IMPL - REGISTRATION - REG - Fetching Registration details where status is Registered
2020-06-05T14:25:40Z - [io.mosip.registration.dao.impl.SyncJobControlDAOImpl] - INFO  - REGISTRATION-SYNC-JOB_CONTROL DAO - REGISTRATION - REG - Fetching the Registration Details of Registered Status
2020-06-05T14:25:40Z - [io.mosip.registration.service.sync.impl.SyncStatusValidatorServiceImpl] - INFO  - REGISTRATION - SYNC - SYNC_STATUS_VALIDATOR_SERVICE_IMPL - REGISTRATION - REG - Validating the count of packets of status Registered with configured value
2020-06-05T14:25:40Z - [io.mosip.registration.service.sync.impl.SyncStatusValidatorServiceImpl] - INFO  - REGISTRATION - SYNC - SYNC_STATUS_VALIDATOR_SERVICE_IMPL - REGISTRATION - REG - Validating the Duration of oldest packet of status Registered with configured duration
2020-06-05T14:25:40Z - [io.mosip.registration.service.sync.impl.SyncStatusValidatorServiceImpl] - INFO  - REGISTRATION - SYNC - SYNC_STATUS_VALIDATOR_SERVICE_IMPL - REGISTRATION - REG - Fetching Job ID's from sync_job_def table using API name started
2020-06-05T14:25:40Z - [io.mosip.registration.dao.impl.SyncJobConfigDAOImpl] - INFO  - REGISTRATION-JOB_CONFIF_DAO - REGISTRATION - REG - Get all Sync Jobs
2020-06-05T14:25:40Z - [io.mosip.registration.service.sync.impl.SyncStatusValidatorServiceImpl] - INFO  - REGISTRATION - SYNC - SYNC_STATUS_VALIDATOR_SERVICE_IMPL - REGISTRATION - REG - Fetching Job ID's from sync_job_def table using API name ended
2020-06-05T14:25:40Z - [io.mosip.registration.dao.impl.SyncJobControlDAOImpl] - INFO  - REGISTRATION - SYNC - VALIDATION - REGISTRATION - REG - Fetching the last sync details from database started
2020-06-05T14:25:40Z - [io.mosip.registration.dao.impl.SyncJobControlDAOImpl] - INFO  - REGISTRATION - SYNC - VALIDATION - REGISTRATION - REG - Fetching the last sync details from database ended
2020-06-05T14:25:40Z - [io.mosip.registration.service.sync.impl.SyncStatusValidatorServiceImpl] - INFO  - REGISTRATION - SYNC - SYNC_STATUS_VALIDATOR_SERVICE_IMPL - REGISTRATION - REG - Fetched SyncJobInfo containing the sync control list and yet to export packet count
2020-06-05T14:25:40Z - [io.mosip.registration.service.sync.impl.SyncStatusValidatorServiceImpl] - INFO  - REGISTRATION - SYNC - SYNC_STATUS_VALIDATOR_SERVICE_IMPL - REGISTRATION - REG - Checking the actualdaysfrequency with the configured frequency [Thu May 28 14:05:23 UTC 2020]
2020-06-05T14:25:40Z - [io.mosip.registration.service.sync.impl.SyncStatusValidatorServiceImpl] - INFO  - REGISTRATION - SYNC - SYNC_STATUS_VALIDATOR_SERVICE_IMPL - REGISTRATION - REG - Checking the actualdaysfrequency with the configured frequency [Fri Jun 05 13:37:30 UTC 2020]
2020-06-05T14:25:40Z - [io.mosip.registration.service.sync.impl.SyncStatusValidatorServiceImpl] - INFO  - REGISTRATION - SYNC - SYNC_STATUS_VALIDATOR_SERVICE_IMPL - REGISTRATION - REG - Checking the actualdaysfrequency with the configured frequency [Fri Jun 05 13:37:37 UTC 2020]
2020-06-05T14:25:40Z - [io.mosip.registration.service.sync.impl.SyncStatusValidatorServiceImpl] - INFO  - REGISTRATION - SYNC - SYNC_STATUS_VALIDATOR_SERVICE_IMPL - REGISTRATION - REG - Checking the actualdaysfrequency with the configured frequency [Fri Jun 05 11:00:00 UTC 2020]
2020-06-05T14:25:40Z - [io.mosip.registration.service.sync.impl.SyncStatusValidatorServiceImpl] - INFO  - REGISTRATION - SYNC - SYNC_STATUS_VALIDATOR_SERVICE_IMPL - REGISTRATION - REG - Checking the actualdaysfrequency with the configured frequency [Thu May 28 14:00:28 UTC 2020]
2020-06-05T14:25:40Z - [io.mosip.registration.service.sync.impl.SyncStatusValidatorServiceImpl] - INFO  - REGISTRATION - SYNC - SYNC_STATUS_VALIDATOR_SERVICE_IMPL - REGISTRATION - REG - Checking the actualdaysfrequency with the configured frequency [Fri Jun 05 13:37:37 UTC 2020]
2020-06-05T14:25:40Z - [io.mosip.registration.service.sync.impl.SyncStatusValidatorServiceImpl] - INFO  - REGISTRATION - SYNC - SYNC_STATUS_VALIDATOR_SERVICE_IMPL - REGISTRATION - REG - Checking the actualdaysfrequency with the configured frequency [Fri Jun 05 11:00:00 UTC 2020]
2020-06-05T14:25:40Z - [io.mosip.registration.service.sync.impl.SyncStatusValidatorServiceImpl] - INFO  - REGISTRATION - SYNC - SYNC_STATUS_VALIDATOR_SERVICE_IMPL - REGISTRATION - REG - Checking the actualdaysfrequency with the configured frequency [Fri Jun 05 11:00:02 UTC 2020]
2020-06-05T14:25:40Z - [io.mosip.registration.service.sync.impl.SyncStatusValidatorServiceImpl] - INFO  - REGISTRATION - SYNC - SYNC_STATUS_VALIDATOR_SERVICE_IMPL - REGISTRATION - REG - Checking the actualdaysfrequency with the configured frequency [Fri Jun 05 13:37:41 UTC 2020]
2020-06-05T14:25:40Z - [io.mosip.registration.service.sync.impl.SyncStatusValidatorServiceImpl] - INFO  - REGISTRATION - SYNC - SYNC_STATUS_VALIDATOR_SERVICE_IMPL - REGISTRATION - REG - Checking the actualdaysfrequency with the configured frequency [Thu May 28 14:05:24 UTC 2020]
2020-06-05T14:25:40Z - [io.mosip.registration.service.sync.impl.SyncStatusValidatorServiceImpl] - INFO  - REGISTRATION - SYNC - SYNC_STATUS_VALIDATOR_SERVICE_IMPL - REGISTRATION - REG - Checking the actualdaysfrequency with the configured frequency [Fri Jun 05 11:00:03 UTC 2020]
2020-06-05T14:25:40Z - [io.mosip.registration.service.sync.impl.SyncStatusValidatorServiceImpl] - INFO  - REGISTRATION - SYNC - SYNC_STATUS_VALIDATOR_SERVICE_IMPL - REGISTRATION - REG - Checking the actualdaysfrequency with the configured frequency [Thu May 28 14:05:29 UTC 2020]
2020-06-05T14:25:40Z - [io.mosip.registration.service.sync.impl.SyncStatusValidatorServiceImpl] - INFO  - REGISTRATION - SYNC - SYNC_STATUS_VALIDATOR_SERVICE_IMPL - REGISTRATION - REG - Checking the actualdaysfrequency with the configured frequency [Wed May 27 06:10:58 UTC 2020]
2020-06-05T14:25:40Z - [io.mosip.registration.service.sync.impl.SyncStatusValidatorServiceImpl] - INFO  - REGISTRATION - SYNC - SYNC_STATUS_VALIDATOR_SERVICE_IMPL - REGISTRATION - REG - Checking the actualdaysfrequency with the configured frequency [Wed May 27 06:10:58 UTC 2020]
2020-06-05T14:25:40Z - [io.mosip.registration.service.sync.impl.SyncStatusValidatorServiceImpl] - INFO  - REGISTRATION - SYNC - SYNC_STATUS_VALIDATOR_SERVICE_IMPL - REGISTRATION - REG - Checking the actualdaysfrequency with the configured frequency [Thu May 28 13:52:41 UTC 2020]
2020-06-05T14:25:40Z - [io.mosip.registration.service.sync.impl.SyncStatusValidatorServiceImpl] - INFO  - REGISTRATION - SYNC - SYNC_STATUS_VALIDATOR_SERVICE_IMPL - REGISTRATION - REG - Capturing the login time First time login
2020-06-05T14:25:40Z - [io.mosip.registration.service.sync.impl.SyncStatusValidatorServiceImpl] - INFO  - REGISTRATION - SYNC - SYNC_STATUS_VALIDATOR_SERVICE_IMPL - REGISTRATION - REG - Getting the center latitude and longitudes from session context
2020-06-05T14:25:40Z - [io.mosip.registration.service.sync.impl.SyncStatusValidatorServiceImpl] - INFO  - REGISTRATION - SYNC - SYNC_STATUS_VALIDATOR_SERVICE_IMPL - REGISTRATION - REG - Validating the geo location of machine w.r.t registration center ended
2020-06-05T14:25:40Z - [io.mosip.registration.dao.impl.GlobalParamDAOImpl] - INFO  - REGISTRATION - GLOBALPARAMS - GLOBAL_PARAM_DAO_IMPL - REGISTRATION - REG - Get Global Param
2020-06-05T14:25:40Z - [io.mosip.registration.service.sync.impl.SyncStatusValidatorServiceImpl] - INFO  - REGISTRATION - SYNC - SYNC_STATUS_VALIDATOR_SERVICE_IMPL - REGISTRATION - REG - Validating the sync status ended
2020-06-05T14:25:40Z - [io.mosip.registration.controller.reg.AlertController] - INFO  - REGISTRATION - ALERT_CONTROLLER - ALERT_GENERATION - REGISTRATION - REG - Alert generation has been started
2020-06-05T14:25:40Z - [io.mosip.registration.controller.reg.AlertController] - INFO  - REGISTRATION - ALERT_CONTROLLER - ALERT_GENERATION - REGISTRATION - REG - Alert generation has been ended
2020-06-05T14:25:42Z - [io.mosip.registration.util.healthcheck.RegistrationAppHealthCheckUtil] - INFO  - REGISTRATION - REGISTRATION APP HEALTHCHECKUTIL - ISNETWORKAVAILABLE - REGISTRATION - REG - Internet Access Available.====>200
2020-06-05T14:25:42Z - [io.mosip.registration.util.healthcheck.RegistrationAppHealthCheckUtil] - INFO  - REGISTRATION - REGISTRATION APP HEALTHCHECKUTIL - ISNETWORKAVAILABLE - REGISTRATION - REG - Internet Access Available.====>200
2020-06-05T14:25:43Z - [io.mosip.registration.controller.reg.AlertController] - INFO  - REGISTRATION - ALERT_CONTROLLER - ALERT_GENERATION - REGISTRATION - REG - Alert closing has been started
2020-06-05T14:25:43Z - [io.mosip.registration.controller.reg.AlertController] - INFO  - REGISTRATION - ALERT_CONTROLLER - ALERT_GENERATION - REGISTRATION - REG - Alert closing has been ended
2020-06-05T14:25:43Z - [io.mosip.registration.controller.reg.AlertController] - INFO  - REGISTRATION - ALERT_CONTROLLER - ALERT_GENERATION - REGISTRATION - REG - Alert closing has been started
2020-06-05T14:25:43Z - [io.mosip.registration.controller.reg.AlertController] - INFO  - REGISTRATION - ALERT_CONTROLLER - ALERT_GENERATION - REGISTRATION - REG - Alert closing has been ended
2020-06-05T14:25:43Z - [io.mosip.registration.controller.reg.PacketHandlerController] - INFO  - REGISTRATION - PACKET_HANDLER - Packet_Handler_Controller - REGISTRATION - REG - Loading Update UIN screen ended.
2020-06-05T14:25:45Z - [io.mosip.registration.service.operator.impl.UserOnboardServiceImpl] - INFO  - REGISTRATION - USER_ONBOARD - USER_ONBOARD_IMLP - REGISTRATION - REG - fetching getMachineCenterId ....
2020-06-05T14:25:45Z - [io.mosip.registration.dao.impl.UserOnboardDAOImpl] - INFO  - REGISTRATION - USER_ONBOARD - USER_ONBOARD_IMLP - REGISTRATION - REG - getStationID() machineName --> desktop-77q2501
2020-06-05T14:25:45Z - [io.mosip.registration.dao.impl.UserOnboardDAOImpl] - INFO  - REGISTRATION - USER_ONBOARD - USER_ONBOARD_IMLP - REGISTRATION - REG - getCenterID() stationID --> 10072
2020-06-05T14:25:45Z - [io.mosip.registration.dao.impl.UserOnboardDAOImpl] - INFO  - REGISTRATION - USER_ONBOARD - USER_ONBOARD_IMLP - REGISTRATION - REG - fetching center details from repository....
2020-06-05T14:25:45Z - [io.mosip.registration.service.operator.impl.UserOnboardServiceImpl] - INFO  - REGISTRATION - USER_ONBOARD - USER_ONBOARD_IMLP - REGISTRATION - REG - station Id = 10072---->center Id = 10002
2020-06-05T14:25:45Z - [io.mosip.registration.service.bio.impl.BioServiceImpl] - INFO  - BIO_SERVICE - REGISTRATION - REG - Clearing All captures
2020-06-05T14:25:45Z - [io.mosip.registration.dao.impl.GlobalParamDAOImpl] - INFO  - REGISTRATION - GLOBALPARAMS - GLOBAL_PARAM_DAO_IMPL - REGISTRATION - REG - Get Global Param
2020-06-05T14:25:45Z - [io.mosip.registration.controller.BaseController] - INFO  - REGISTRATION - BASE - BASE_CONTROLLER - REGISTRATION - REG - Fetching value from application Context
2020-06-05T14:25:45Z - [io.mosip.registration.controller.BaseController] - INFO  - REGISTRATION - BASE - BASE_CONTROLLER - REGISTRATION - REG - Fetching value from application Context
2020-06-05T14:25:45Z - [io.mosip.registration.controller.BaseController] - INFO  - REGISTRATION - BASE - BASE_CONTROLLER - REGISTRATION - REG - Fetching value from application Context
2020-06-05T14:25:45Z - [io.mosip.registration.dao.impl.GlobalParamDAOImpl] - INFO  - REGISTRATION - GLOBALPARAMS - GLOBAL_PARAM_DAO_IMPL - REGISTRATION - REG - Get Global Param
2020-06-05T14:25:45Z - [io.mosip.registration.service.sync.impl.PolicySyncServiceImpl] - INFO  - REGISTRATION_KEY_POLICY_SYNC - REGISTRATION - REG - Key Validation is started
2020-06-05T14:25:45Z - [io.mosip.registration.dao.impl.UserOnboardDAOImpl] - INFO  - REGISTRATION - USER_ONBOARD - USER_ONBOARD_IMLP - REGISTRATION - REG - getStationID() machineName --> desktop-77q2501
2020-06-05T14:25:45Z - [io.mosip.registration.dao.impl.UserOnboardDAOImpl] - INFO  - REGISTRATION - USER_ONBOARD - USER_ONBOARD_IMLP - REGISTRATION - REG - getCenterID() stationID --> 10072
2020-06-05T14:25:45Z - [io.mosip.registration.dao.impl.UserOnboardDAOImpl] - INFO  - REGISTRATION - USER_ONBOARD - USER_ONBOARD_IMLP - REGISTRATION - REG - fetching center details from repository....
2020-06-05T14:25:45Z - [io.mosip.registration.service.sync.impl.PolicySyncServiceImpl] - INFO  - REGISTRATION_KEY_POLICY_SYNC - REGISTRATION - REG - Key Validation is started
2020-06-05T14:25:45Z - [io.mosip.registration.controller.reg.PacketHandlerController] - INFO  - REGISTRATION - PACKET_HANDLER - Packet_Handler_Controller - REGISTRATION - REG - Creating of Registration for lost UIN Starting.
2020-06-05T14:25:45Z - [io.mosip.registration.controller.reg.RegistrationController] - INFO  - REGISTRATION_CONTROLLER - REGISTRATION - REG - Registration Started for RID  : [ 10002100720006120200605142545 ] 
2020-06-05T14:25:45Z - [io.mosip.registration.controller.reg.HeaderController] - INFO  - REGISTRATION - HEADER - HEADER_CONTROLLER - REGISTRATION - REG - Displaying Registration Officer details
2020-06-05T14:25:45Z - [io.mosip.registration.util.healthcheck.RegistrationAppHealthCheckUtil] - INFO  - REGISTRATION - REGISTRATION APP HEALTHCHECK UTIL - ISNETWORKAVAILABLE - REGISTRATION - REG - Registration Network Checker had been called.
2020-06-05T14:25:45Z - [io.mosip.registration.controller.reg.DemographicDetailController] - DEBUG - REGISTRATION_CONTROLLER - REGISTRATION - REG - Entering the Demographic Details Screen
2020-06-05T14:25:45Z - [io.mosip.registration.controller.reg.DemographicDetailController] - INFO  - REGISTRATION - CONTROLLER - REGISTRATION - REG - location.getHierarchyLevel() >>> 3 matchedfield.get(0).getId() >>> city
2020-06-05T14:25:45Z - [io.mosip.registration.controller.reg.DemographicDetailController] - INFO  - REGISTRATION - CONTROLLER - REGISTRATION - REG - location.getHierarchyLevel() >>> 4 matchedfield.get(0).getId() >>> zone
2020-06-05T14:25:45Z - [io.mosip.registration.controller.reg.DemographicDetailController] - INFO  - REGISTRATION - CONTROLLER - REGISTRATION - REG - location.getHierarchyLevel() >>> 5 matchedfield.get(0).getId() >>> postalCode
2020-06-05T14:25:45Z - [io.mosip.registration.controller.reg.DemographicDetailController] - INFO  - REGISTRATION - CONTROLLER - REGISTRATION - REG - location.getHierarchyLevel() >>> 4 matchedfield.get(0).getId() >>> zone
2020-06-05T14:25:45Z - [io.mosip.registration.controller.reg.DemographicDetailController] - INFO  - REGISTRATION - CONTROLLER - REGISTRATION - REG - location.getHierarchyLevel() >>> 5 matchedfield.get(0).getId() >>> postalCode
2020-06-05T14:25:45Z - [io.mosip.registration.controller.reg.DemographicDetailController] - INFO  - REGISTRATION - CONTROLLER - REGISTRATION - REG - location.getHierarchyLevel() >>> 4 matchedfield.get(0).getId() >>> zone
2020-06-05T14:25:45Z - [io.mosip.registration.controller.reg.DemographicDetailController] - INFO  - REGISTRATION - CONTROLLER - REGISTRATION - REG - location.getHierarchyLevel() >>> 5 matchedfield.get(0).getId() >>> postalCode
2020-06-05T14:25:45Z - [io.mosip.registration.controller.reg.DemographicDetailController] - INFO  - REGISTRATION - CONTROLLER - REGISTRATION - REG - location.getHierarchyLevel() >>> 4 matchedfield.get(0).getId() >>> zone
2020-06-05T14:25:45Z - [io.mosip.registration.controller.reg.DemographicDetailController] - INFO  - REGISTRATION - CONTROLLER - REGISTRATION - REG - location.getHierarchyLevel() >>> 5 matchedfield.get(0).getId() >>> postalCode
2020-06-05T14:25:45Z - [io.mosip.registration.controller.reg.DemographicDetailController] - INFO  - REGISTRATION - CONTROLLER - REGISTRATION - REG - location.getHierarchyLevel() >>> 4 matchedfield.get(0).getId() >>> zone
2020-06-05T14:25:45Z - [io.mosip.registration.controller.reg.DemographicDetailController] - INFO  - REGISTRATION - CONTROLLER - REGISTRATION - REG - location.getHierarchyLevel() >>> 5 matchedfield.get(0).getId() >>> postalCode
2020-06-05T14:25:45Z - [io.mosip.registration.controller.reg.DemographicDetailController] - INFO  - REGISTRATION - CONTROLLER - REGISTRATION - REG - location.getHierarchyLevel() >>> 4 matchedfield.get(0).getId() >>> zone
2020-06-05T14:25:45Z - [io.mosip.registration.controller.reg.DemographicDetailController] - INFO  - REGISTRATION - CONTROLLER - REGISTRATION - REG - location.getHierarchyLevel() >>> 5 matchedfield.get(0).getId() >>> postalCode
2020-06-05T14:25:45Z - [io.mosip.registration.controller.reg.DemographicDetailController] - INFO  - REGISTRATION - CONTROLLER - REGISTRATION - REG - location.getHierarchyLevel() >>> 4 matchedfield.get(0).getId() >>> zone
2020-06-05T14:25:45Z - [io.mosip.registration.controller.reg.DemographicDetailController] - INFO  - REGISTRATION - CONTROLLER - REGISTRATION - REG - location.getHierarchyLevel() >>> 5 matchedfield.get(0).getId() >>> postalCode
2020-06-05T14:25:45Z - [io.mosip.registration.controller.reg.DemographicDetailController] - INFO  - REGISTRATION - CONTROLLER - REGISTRATION - REG - location.getHierarchyLevel() >>> 5 matchedfield.get(0).getId() >>> postalCode
2020-06-05T14:25:45Z - [io.mosip.registration.controller.reg.DemographicDetailController] - INFO  - REGISTRATION - CONTROLLER - REGISTRATION - REG - location.getHierarchyLevel() >>> 5 matchedfield.get(0).getId() >>> postalCode
2020-06-05T14:25:45Z - [io.mosip.registration.controller.reg.DemographicDetailController] - INFO  - REGISTRATION - CONTROLLER - REGISTRATION - REG - location.getHierarchyLevel() >>> 5 matchedfield.get(0).getId() >>> postalCode
2020-06-05T14:25:45Z - [io.mosip.registration.controller.reg.DemographicDetailController] - INFO  - REGISTRATION - CONTROLLER - REGISTRATION - REG - location.getHierarchyLevel() >>> 5 matchedfield.get(0).getId() >>> postalCode
2020-06-05T14:25:45Z - [io.mosip.registration.controller.reg.DemographicDetailController] - INFO  - REGISTRATION - CONTROLLER - REGISTRATION - REG - location.getHierarchyLevel() >>> 5 matchedfield.get(0).getId() >>> postalCode
2020-06-05T14:25:45Z - [io.mosip.registration.controller.reg.DemographicDetailController] - INFO  - REGISTRATION - CONTROLLER - REGISTRATION - REG - location.getHierarchyLevel() >>> 4 matchedfield.get(0).getId() >>> zone
2020-06-05T14:25:45Z - [io.mosip.registration.controller.reg.DemographicDetailController] - INFO  - REGISTRATION - CONTROLLER - REGISTRATION - REG - location.getHierarchyLevel() >>> 5 matchedfield.get(0).getId() >>> postalCode
2020-06-05T14:25:45Z - [io.mosip.registration.controller.reg.DemographicDetailController] - INFO  - REGISTRATION - CONTROLLER - REGISTRATION - REG - location.getHierarchyLevel() >>> 4 matchedfield.get(0).getId() >>> zone
2020-06-05T14:25:45Z - [io.mosip.registration.controller.reg.DemographicDetailController] - INFO  - REGISTRATION - CONTROLLER - REGISTRATION - REG - location.getHierarchyLevel() >>> 5 matchedfield.get(0).getId() >>> postalCode
2020-06-05T14:25:45Z - [io.mosip.registration.controller.reg.DemographicDetailController] - INFO  - REGISTRATION - CONTROLLER - REGISTRATION - REG - location.getHierarchyLevel() >>> 4 matchedfield.get(0).getId() >>> zone
2020-06-05T14:25:45Z - [io.mosip.registration.controller.reg.DemographicDetailController] - INFO  - REGISTRATION - CONTROLLER - REGISTRATION - REG - location.getHierarchyLevel() >>> 5 matchedfield.get(0).getId() >>> postalCode
2020-06-05T14:25:45Z - [io.mosip.registration.controller.reg.DemographicDetailController] - INFO  - REGISTRATION - CONTROLLER - REGISTRATION - REG - location.getHierarchyLevel() >>> 4 matchedfield.get(0).getId() >>> zone
2020-06-05T14:25:45Z - [io.mosip.registration.controller.reg.DemographicDetailController] - INFO  - REGISTRATION - CONTROLLER - REGISTRATION - REG - location.getHierarchyLevel() >>> 5 matchedfield.get(0).getId() >>> postalCode
2020-06-05T14:25:45Z - [io.mosip.registration.controller.reg.DemographicDetailController] - INFO  - REGISTRATION - CONTROLLER - REGISTRATION - REG - location.getHierarchyLevel() >>> 2 matchedfield.get(0).getId() >>> province
2020-06-05T14:25:45Z - [io.mosip.registration.controller.reg.DemographicDetailController] - INFO  - REGISTRATION - CONTROLLER - REGISTRATION - REG - location.getHierarchyLevel() >>> 1 matchedfield.get(0).getId() >>> region
2020-06-05T14:25:45Z - [io.mosip.registration.controller.reg.DemographicDetailController] - INFO  - REGISTRATION - CONTROLLER - REGISTRATION - REG - location.getHierarchyLevel() >>> 2 matchedfield.get(0).getId() >>> province
2020-06-05T14:25:45Z - [io.mosip.registration.controller.reg.DemographicDetailController] - INFO  - REGISTRATION - CONTROLLER - REGISTRATION - REG - location.getHierarchyLevel() >>> 3 matchedfield.get(0).getId() >>> city
2020-06-05T14:25:45Z - [io.mosip.registration.controller.reg.DemographicDetailController] - INFO  - REGISTRATION - CONTROLLER - REGISTRATION - REG - location.getHierarchyLevel() >>> 4 matchedfield.get(0).getId() >>> zone
2020-06-05T14:25:45Z - [io.mosip.registration.controller.reg.DemographicDetailController] - INFO  - REGISTRATION - CONTROLLER - REGISTRATION - REG - location.getHierarchyLevel() >>> 5 matchedfield.get(0).getId() >>> postalCode
2020-06-05T14:25:45Z - [io.mosip.registration.controller.reg.DemographicDetailController] - INFO  - REGISTRATION - CONTROLLER - REGISTRATION - REG - location.getHierarchyLevel() >>> 4 matchedfield.get(0).getId() >>> zone
2020-06-05T14:25:45Z - [io.mosip.registration.controller.reg.DemographicDetailController] - INFO  - REGISTRATION - CONTROLLER - REGISTRATION - REG - location.getHierarchyLevel() >>> 5 matchedfield.get(0).getId() >>> postalCode
2020-06-05T14:25:45Z - [io.mosip.registration.controller.reg.DemographicDetailController] - INFO  - REGISTRATION - CONTROLLER - REGISTRATION - REG - location.getHierarchyLevel() >>> 4 matchedfield.get(0).getId() >>> zone
2020-06-05T14:25:45Z - [io.mosip.registration.controller.reg.DemographicDetailController] - INFO  - REGISTRATION - CONTROLLER - REGISTRATION - REG - location.getHierarchyLevel() >>> 5 matchedfield.get(0).getId() >>> postalCode
2020-06-05T14:25:45Z - [io.mosip.registration.controller.reg.DemographicDetailController] - INFO  - REGISTRATION - CONTROLLER - REGISTRATION - REG - location.getHierarchyLevel() >>> 4 matchedfield.get(0).getId() >>> zone
2020-06-05T14:25:45Z - [io.mosip.registration.controller.BaseController] - INFO  - REGISTRATION - BASE - BASE_CONTROLLER - REGISTRATION - REG - Fetching value from application Context
2020-06-05T14:25:45Z - [io.mosip.registration.controller.BaseController] - INFO  - REGISTRATION - BASE - BASE_CONTROLLER - REGISTRATION - REG - Fetching value from application Context
2020-06-05T14:25:45Z - [io.mosip.registration.controller.reg.DemographicDetailController] - DEBUG - REGISTRATION_CONTROLLER - REGISTRATION - REG - Validating the age given by age field
2020-06-05T14:25:45Z - [io.mosip.registration.controller.reg.DemographicDetailController] - DEBUG - REGISTRATION_CONTROLLER - REGISTRATION - REG - Validating the age given by age field
2020-06-05T14:25:45Z - [io.mosip.registration.controller.reg.DemographicDetailController] - DEBUG - REGISTRATION_CONTROLLER - REGISTRATION - REG - Validating the age given by age field
2020-06-05T14:25:45Z - [io.mosip.registration.controller.reg.DemographicDetailController] - DEBUG - REGISTRATION_CONTROLLER - REGISTRATION - REG - Validating the age given by age field
2020-06-05T14:25:45Z - [io.mosip.registration.controller.reg.DocumentScanController] - INFO  - DOCUMNET_SCAN_CONTROLLER - REGISTRATION - REG - Entering the DOCUMENT_SCAN_CONTROLLER
2020-06-05T14:25:45Z - [io.mosip.registration.controller.reg.DocumentScanController] - DEBUG - REGISTRATION_CONTROLLER - REGISTRATION - REG - Entering into toggle function for Biometric exception
2020-06-05T14:25:45Z - [io.mosip.registration.controller.BaseController] - INFO  - REGISTRATION - BASE - BASE_CONTROLLER - REGISTRATION - REG - Updating page flow to navigate next or previous
2020-06-05T14:25:45Z - [io.mosip.registration.controller.reg.DocumentScanController] - DEBUG - REGISTRATION_CONTROLLER - REGISTRATION - REG - Exiting the toggle function for Biometric exception
2020-06-05T14:25:45Z - [io.mosip.registration.controller.reg.BiometricExceptionController] - INFO  - REGISTRATION - FINGER_LABEL_LISTENER - BIOMETRIC_EXCEPTION_LISTENER - REGISTRATION - REG - It will listen the finger on click funtionality
2020-06-05T14:25:45Z - [io.mosip.registration.controller.reg.BiometricExceptionController] - INFO  - REGISTRATION - FINGER_LABEL_LISTENER_END - BIOMETRIC_EXCEPTION_LISTENER - REGISTRATION - REG - End of functionality
2020-06-05T14:25:45Z - [io.mosip.registration.controller.reg.BiometricExceptionController] - INFO  - REGISTRATION - FINGER_LABEL_LISTENER - BIOMETRIC_EXCEPTION_LISTENER - REGISTRATION - REG - It will listen the finger on click funtionality
2020-06-05T14:25:45Z - [io.mosip.registration.controller.reg.BiometricExceptionController] - INFO  - REGISTRATION - FINGER_LABEL_LISTENER_END - BIOMETRIC_EXCEPTION_LISTENER - REGISTRATION - REG - End of functionality
2020-06-05T14:25:45Z - [io.mosip.registration.controller.reg.BiometricExceptionController] - INFO  - REGISTRATION - FINGER_LABEL_LISTENER - BIOMETRIC_EXCEPTION_LISTENER - REGISTRATION - REG - It will listen the finger on click funtionality
2020-06-05T14:25:45Z - [io.mosip.registration.controller.reg.BiometricExceptionController] - INFO  - REGISTRATION - FINGER_LABEL_LISTENER_END - BIOMETRIC_EXCEPTION_LISTENER - REGISTRATION - REG - End of functionality
2020-06-05T14:25:45Z - [io.mosip.registration.controller.reg.BiometricExceptionController] - INFO  - REGISTRATION - FINGER_LABEL_LISTENER - BIOMETRIC_EXCEPTION_LISTENER - REGISTRATION - REG - It will listen the finger on click funtionality
2020-06-05T14:25:45Z - [io.mosip.registration.controller.reg.BiometricExceptionController] - INFO  - REGISTRATION - FINGER_LABEL_LISTENER_END - BIOMETRIC_EXCEPTION_LISTENER - REGISTRATION - REG - End of functionality
2020-06-05T14:25:45Z - [io.mosip.registration.controller.reg.BiometricExceptionController] - INFO  - REGISTRATION - FINGER_LABEL_LISTENER - BIOMETRIC_EXCEPTION_LISTENER - REGISTRATION - REG - It will listen the finger on click funtionality
2020-06-05T14:25:45Z - [io.mosip.registration.controller.reg.BiometricExceptionController] - INFO  - REGISTRATION - FINGER_LABEL_LISTENER_END - BIOMETRIC_EXCEPTION_LISTENER - REGISTRATION - REG - End of functionality
2020-06-05T14:25:45Z - [io.mosip.registration.controller.reg.BiometricExceptionController] - INFO  - REGISTRATION - FINGER_LABEL_LISTENER - BIOMETRIC_EXCEPTION_LISTENER - REGISTRATION - REG - It will listen the finger on click funtionality
2020-06-05T14:25:45Z - [io.mosip.registration.controller.reg.BiometricExceptionController] - INFO  - REGISTRATION - FINGER_LABEL_LISTENER_END - BIOMETRIC_EXCEPTION_LISTENER - REGISTRATION - REG - End of functionality
2020-06-05T14:25:45Z - [io.mosip.registration.controller.reg.BiometricExceptionController] - INFO  - REGISTRATION - FINGER_LABEL_LISTENER - BIOMETRIC_EXCEPTION_LISTENER - REGISTRATION - REG - It will listen the finger on click funtionality
2020-06-05T14:25:45Z - [io.mosip.registration.controller.reg.BiometricExceptionController] - INFO  - REGISTRATION - FINGER_LABEL_LISTENER_END - BIOMETRIC_EXCEPTION_LISTENER - REGISTRATION - REG - End of functionality
2020-06-05T14:25:45Z - [io.mosip.registration.controller.reg.BiometricExceptionController] - INFO  - REGISTRATION - FINGER_LABEL_LISTENER - BIOMETRIC_EXCEPTION_LISTENER - REGISTRATION - REG - It will listen the finger on click funtionality
2020-06-05T14:25:45Z - [io.mosip.registration.controller.reg.BiometricExceptionController] - INFO  - REGISTRATION - FINGER_LABEL_LISTENER_END - BIOMETRIC_EXCEPTION_LISTENER - REGISTRATION - REG - End of functionality
2020-06-05T14:25:45Z - [io.mosip.registration.controller.reg.BiometricExceptionController] - INFO  - REGISTRATION - FINGER_LABEL_LISTENER - BIOMETRIC_EXCEPTION_LISTENER - REGISTRATION - REG - It will listen the finger on click funtionality
2020-06-05T14:25:45Z - [io.mosip.registration.controller.reg.BiometricExceptionController] - INFO  - REGISTRATION - FINGER_LABEL_LISTENER_END - BIOMETRIC_EXCEPTION_LISTENER - REGISTRATION - REG - End of functionality
2020-06-05T14:25:45Z - [io.mosip.registration.controller.reg.BiometricExceptionController] - INFO  - REGISTRATION - FINGER_LABEL_LISTENER - BIOMETRIC_EXCEPTION_LISTENER - REGISTRATION - REG - It will listen the finger on click funtionality
2020-06-05T14:25:45Z - [io.mosip.registration.controller.reg.BiometricExceptionController] - INFO  - REGISTRATION - FINGER_LABEL_LISTENER_END - BIOMETRIC_EXCEPTION_LISTENER - REGISTRATION - REG - End of functionality
2020-06-05T14:25:45Z - [io.mosip.registration.controller.reg.BiometricExceptionController] - INFO  - REGISTRATION - IRIS_EXCEPTION_LISTENER - BIOMETRIC_EXCEPTION_LISTENER - REGISTRATION - REG - It will listen the iris on click functionality
2020-06-05T14:25:45Z - [io.mosip.registration.controller.reg.BiometricExceptionController] - INFO  - REGISTRATION - IRIS_EXCEPTION_LISTENER_END - BIOMETRIC_EXCEPTION_LISTENER - REGISTRATION - REG - End of Iris Functionality
2020-06-05T14:25:45Z - [io.mosip.registration.controller.reg.BiometricExceptionController] - INFO  - REGISTRATION - IRIS_EXCEPTION_LISTENER - BIOMETRIC_EXCEPTION_LISTENER - REGISTRATION - REG - It will listen the iris on click functionality
2020-06-05T14:25:45Z - [io.mosip.registration.controller.reg.BiometricExceptionController] - INFO  - REGISTRATION - IRIS_EXCEPTION_LISTENER_END - BIOMETRIC_EXCEPTION_LISTENER - REGISTRATION - REG - End of Iris Functionality
2020-06-05T14:25:45Z - [io.mosip.registration.controller.device.GuardianBiometricsController] - INFO  - REGISTRATION - USER_REGISTRATION - GUARDIAN_BIOMETRIC_CONTROLLER - REGISTRATION - REG - Loading of Guardian Biometric screen started
2020-06-05T14:25:45Z - [io.mosip.registration.controller.device.FingerPrintCaptureController] - INFO  - REGISTRATION - USER_REGISTRATION - FINGERPRINT_CAPTURE_CONTROLLER - REGISTRATION - REG - Loading of FingerprintCapture screen started
2020-06-05T14:25:45Z - [io.mosip.registration.controller.BaseController] - INFO  - REGISTRATION - BASE - BASE_CONTROLLER - REGISTRATION - REG - Fetching value from application Context
2020-06-05T14:25:45Z - [io.mosip.registration.controller.BaseController] - INFO  - REGISTRATION - BASE - BASE_CONTROLLER - REGISTRATION - REG - Fetching value from application Context
2020-06-05T14:25:45Z - [io.mosip.registration.controller.BaseController] - INFO  - REGISTRATION - BASE - BASE_CONTROLLER - REGISTRATION - REG - Fetching value from application Context
2020-06-05T14:25:45Z - [io.mosip.registration.controller.BaseController] - INFO  - REGISTRATION - BASE - BASE_CONTROLLER - REGISTRATION - REG - Fetching value from application Context
2020-06-05T14:25:45Z - [io.mosip.registration.controller.BaseController] - INFO  - REGISTRATION - BASE - BASE_CONTROLLER - REGISTRATION - REG - Fetching value from application Context
2020-06-05T14:25:45Z - [io.mosip.registration.controller.BaseController] - INFO  - REGISTRATION - BASE - BASE_CONTROLLER - REGISTRATION - REG - Fetching value from application Context
2020-06-05T14:25:45Z - [io.mosip.registration.controller.BaseController] - INFO  - REGISTRATION - BASE - BASE_CONTROLLER - REGISTRATION - REG - Fetching Quality score while capturing Biometrics
2020-06-05T14:25:45Z - [io.mosip.registration.controller.BaseController] - INFO  - REGISTRATION - BASE - BASE_CONTROLLER - REGISTRATION - REG - Fetching value from application Context
2020-06-05T14:25:45Z - [io.mosip.registration.controller.BaseController] - INFO  - REGISTRATION - BASE - BASE_CONTROLLER - REGISTRATION - REG - Fetching Quality score while capturing Biometrics
2020-06-05T14:25:45Z - [io.mosip.registration.controller.BaseController] - INFO  - REGISTRATION - BASE - BASE_CONTROLLER - REGISTRATION - REG - Fetching value from application Context
2020-06-05T14:25:45Z - [io.mosip.registration.controller.BaseController] - INFO  - REGISTRATION - BASE - BASE_CONTROLLER - REGISTRATION - REG - Fetching Quality score while capturing Biometrics
2020-06-05T14:25:45Z - [io.mosip.registration.controller.device.FingerPrintCaptureController] - INFO  - REGISTRATION - USER_REGISTRATION - FINGERPRINT_CAPTURE_CONTROLLER - REGISTRATION - REG - Loading of FingerprintCapture screen ended
2020-06-05T14:25:45Z - [io.mosip.registration.controller.device.IrisCaptureController] - INFO  - REGISTRATION - USER_REGISTRATION - IRIS_CAPTURE_CONTROLLER - REGISTRATION - REG - Initializing Iris Capture page for user registration
2020-06-05T14:25:45Z - [io.mosip.registration.controller.BaseController] - INFO  - REGISTRATION - BASE - BASE_CONTROLLER - REGISTRATION - REG - Fetching value from application Context
2020-06-05T14:25:45Z - [io.mosip.registration.controller.BaseController] - INFO  - REGISTRATION - BASE - BASE_CONTROLLER - REGISTRATION - REG - Fetching value from application Context
2020-06-05T14:25:45Z - [io.mosip.registration.controller.BaseController] - INFO  - REGISTRATION - BASE - BASE_CONTROLLER - REGISTRATION - REG - Fetching value from application Context
2020-06-05T14:25:45Z - [io.mosip.registration.controller.BaseController] - INFO  - REGISTRATION - BASE - BASE_CONTROLLER - REGISTRATION - REG - Fetching value from application Context
2020-06-05T14:25:45Z - [io.mosip.registration.controller.BaseController] - INFO  - REGISTRATION - BASE - BASE_CONTROLLER - REGISTRATION - REG - Fetching value from application Context
2020-06-05T14:25:45Z - [io.mosip.registration.controller.device.IrisCaptureController] - INFO  - REGISTRATION - USER_REGISTRATION - IRIS_CAPTURE_CONTROLLER - REGISTRATION - REG - Initializing Iris Capture page for user registration completed
2020-06-05T14:25:45Z - [io.mosip.registration.controller.device.FaceCaptureController] - INFO  - REGISTRATION - UI - FACE_CAPTURE_CONTROLLER - REGISTRATION - REG - Loading of FaceCapture screen started
2020-06-05T14:25:45Z - [io.mosip.registration.controller.BaseController] - INFO  - REGISTRATION - BASE - BASE_CONTROLLER - REGISTRATION - REG - Fetching value from application Context
2020-06-05T14:25:45Z - [io.mosip.registration.controller.BaseController] - INFO  - REGISTRATION - BASE - BASE_CONTROLLER - REGISTRATION - REG - Fetching value from application Context
2020-06-05T14:25:45Z - [io.mosip.registration.controller.reg.RegistrationController] - DEBUG - REGISTRATION_CONTROLLER - REGISTRATION - REG - Entering the Registration Controller
2020-06-05T14:25:45Z - [io.mosip.registration.controller.reg.PacketHandlerController] - INFO  - REGISTRATION - CREATE_PACKET - REGISTRATION_OFFICER_PACKET_CONTROLLER - REGISTRATION - REG - Validating Create Packet screen for specific role
2020-06-05T14:25:45Z - [io.mosip.registration.service.sync.impl.SyncStatusValidatorServiceImpl] - INFO  - REGISTRATION - SYNC - SYNC_STATUS_VALIDATOR_SERVICE_IMPL - REGISTRATION - REG - Validating the sync status started
2020-06-05T14:25:45Z - [io.mosip.registration.service.sync.impl.SyncStatusValidatorServiceImpl] - INFO  - REGISTRATION - SYNC - SYNC_STATUS_VALIDATOR_SERVICE_IMPL - REGISTRATION - REG - Fetching Registration details where status is Registered
2020-06-05T14:25:45Z - [io.mosip.registration.dao.impl.SyncJobControlDAOImpl] - INFO  - REGISTRATION-SYNC-JOB_CONTROL DAO - REGISTRATION - REG - Fetching the Registration Details of Registered Status
2020-06-05T14:25:45Z - [io.mosip.registration.service.sync.impl.SyncStatusValidatorServiceImpl] - INFO  - REGISTRATION - SYNC - SYNC_STATUS_VALIDATOR_SERVICE_IMPL - REGISTRATION - REG - Validating the count of packets of status Registered with configured value
2020-06-05T14:25:45Z - [io.mosip.registration.service.sync.impl.SyncStatusValidatorServiceImpl] - INFO  - REGISTRATION - SYNC - SYNC_STATUS_VALIDATOR_SERVICE_IMPL - REGISTRATION - REG - Validating the Duration of oldest packet of status Registered with configured duration
2020-06-05T14:25:45Z - [io.mosip.registration.service.sync.impl.SyncStatusValidatorServiceImpl] - INFO  - REGISTRATION - SYNC - SYNC_STATUS_VALIDATOR_SERVICE_IMPL - REGISTRATION - REG - Fetching Job ID's from sync_job_def table using API name started
2020-06-05T14:25:45Z - [io.mosip.registration.dao.impl.SyncJobConfigDAOImpl] - INFO  - REGISTRATION-JOB_CONFIF_DAO - REGISTRATION - REG - Get all Sync Jobs
2020-06-05T14:25:45Z - [io.mosip.registration.service.sync.impl.SyncStatusValidatorServiceImpl] - INFO  - REGISTRATION - SYNC - SYNC_STATUS_VALIDATOR_SERVICE_IMPL - REGISTRATION - REG - Fetching Job ID's from sync_job_def table using API name ended
2020-06-05T14:25:45Z - [io.mosip.registration.dao.impl.SyncJobControlDAOImpl] - INFO  - REGISTRATION - SYNC - VALIDATION - REGISTRATION - REG - Fetching the last sync details from database started
2020-06-05T14:25:45Z - [io.mosip.registration.dao.impl.SyncJobControlDAOImpl] - INFO  - REGISTRATION - SYNC - VALIDATION - REGISTRATION - REG - Fetching the last sync details from database ended
2020-06-05T14:25:45Z - [io.mosip.registration.service.sync.impl.SyncStatusValidatorServiceImpl] - INFO  - REGISTRATION - SYNC - SYNC_STATUS_VALIDATOR_SERVICE_IMPL - REGISTRATION - REG - Fetched SyncJobInfo containing the sync control list and yet to export packet count
2020-06-05T14:25:45Z - [io.mosip.registration.service.sync.impl.SyncStatusValidatorServiceImpl] - INFO  - REGISTRATION - SYNC - SYNC_STATUS_VALIDATOR_SERVICE_IMPL - REGISTRATION - REG - Checking the actualdaysfrequency with the configured frequency [Thu May 28 14:05:23 UTC 2020]
2020-06-05T14:25:45Z - [io.mosip.registration.service.sync.impl.SyncStatusValidatorServiceImpl] - INFO  - REGISTRATION - SYNC - SYNC_STATUS_VALIDATOR_SERVICE_IMPL - REGISTRATION - REG - Checking the actualdaysfrequency with the configured frequency [Fri Jun 05 13:37:30 UTC 2020]
2020-06-05T14:25:45Z - [io.mosip.registration.service.sync.impl.SyncStatusValidatorServiceImpl] - INFO  - REGISTRATION - SYNC - SYNC_STATUS_VALIDATOR_SERVICE_IMPL - REGISTRATION - REG - Checking the actualdaysfrequency with the configured frequency [Fri Jun 05 13:37:37 UTC 2020]
2020-06-05T14:25:45Z - [io.mosip.registration.service.sync.impl.SyncStatusValidatorServiceImpl] - INFO  - REGISTRATION - SYNC - SYNC_STATUS_VALIDATOR_SERVICE_IMPL - REGISTRATION - REG - Checking the actualdaysfrequency with the configured frequency [Fri Jun 05 11:00:00 UTC 2020]
2020-06-05T14:25:45Z - [io.mosip.registration.service.sync.impl.SyncStatusValidatorServiceImpl] - INFO  - REGISTRATION - SYNC - SYNC_STATUS_VALIDATOR_SERVICE_IMPL - REGISTRATION - REG - Checking the actualdaysfrequency with the configured frequency [Thu May 28 14:00:28 UTC 2020]
2020-06-05T14:25:45Z - [io.mosip.registration.service.sync.impl.SyncStatusValidatorServiceImpl] - INFO  - REGISTRATION - SYNC - SYNC_STATUS_VALIDATOR_SERVICE_IMPL - REGISTRATION - REG - Checking the actualdaysfrequency with the configured frequency [Fri Jun 05 13:37:37 UTC 2020]
2020-06-05T14:25:45Z - [io.mosip.registration.service.sync.impl.SyncStatusValidatorServiceImpl] - INFO  - REGISTRATION - SYNC - SYNC_STATUS_VALIDATOR_SERVICE_IMPL - REGISTRATION - REG - Checking the actualdaysfrequency with the configured frequency [Fri Jun 05 11:00:00 UTC 2020]
2020-06-05T14:25:45Z - [io.mosip.registration.service.sync.impl.SyncStatusValidatorServiceImpl] - INFO  - REGISTRATION - SYNC - SYNC_STATUS_VALIDATOR_SERVICE_IMPL - REGISTRATION - REG - Checking the actualdaysfrequency with the configured frequency [Fri Jun 05 11:00:02 UTC 2020]
2020-06-05T14:25:45Z - [io.mosip.registration.service.sync.impl.SyncStatusValidatorServiceImpl] - INFO  - REGISTRATION - SYNC - SYNC_STATUS_VALIDATOR_SERVICE_IMPL - REGISTRATION - REG - Checking the actualdaysfrequency with the configured frequency [Fri Jun 05 13:37:41 UTC 2020]
2020-06-05T14:25:45Z - [io.mosip.registration.service.sync.impl.SyncStatusValidatorServiceImpl] - INFO  - REGISTRATION - SYNC - SYNC_STATUS_VALIDATOR_SERVICE_IMPL - REGISTRATION - REG - Checking the actualdaysfrequency with the configured frequency [Thu May 28 14:05:24 UTC 2020]
2020-06-05T14:25:45Z - [io.mosip.registration.service.sync.impl.SyncStatusValidatorServiceImpl] - INFO  - REGISTRATION - SYNC - SYNC_STATUS_VALIDATOR_SERVICE_IMPL - REGISTRATION - REG - Checking the actualdaysfrequency with the configured frequency [Fri Jun 05 11:00:03 UTC 2020]
2020-06-05T14:25:45Z - [io.mosip.registration.service.sync.impl.SyncStatusValidatorServiceImpl] - INFO  - REGISTRATION - SYNC - SYNC_STATUS_VALIDATOR_SERVICE_IMPL - REGISTRATION - REG - Checking the actualdaysfrequency with the configured frequency [Thu May 28 14:05:29 UTC 2020]
2020-06-05T14:25:45Z - [io.mosip.registration.service.sync.impl.SyncStatusValidatorServiceImpl] - INFO  - REGISTRATION - SYNC - SYNC_STATUS_VALIDATOR_SERVICE_IMPL - REGISTRATION - REG - Checking the actualdaysfrequency with the configured frequency [Wed May 27 06:10:58 UTC 2020]
2020-06-05T14:25:45Z - [io.mosip.registration.service.sync.impl.SyncStatusValidatorServiceImpl] - INFO  - REGISTRATION - SYNC - SYNC_STATUS_VALIDATOR_SERVICE_IMPL - REGISTRATION - REG - Checking the actualdaysfrequency with the configured frequency [Wed May 27 06:10:58 UTC 2020]
2020-06-05T14:25:45Z - [io.mosip.registration.service.sync.impl.SyncStatusValidatorServiceImpl] - INFO  - REGISTRATION - SYNC - SYNC_STATUS_VALIDATOR_SERVICE_IMPL - REGISTRATION - REG - Checking the actualdaysfrequency with the configured frequency [Thu May 28 13:52:41 UTC 2020]
2020-06-05T14:25:45Z - [io.mosip.registration.service.sync.impl.SyncStatusValidatorServiceImpl] - INFO  - REGISTRATION - SYNC - SYNC_STATUS_VALIDATOR_SERVICE_IMPL - REGISTRATION - REG - Capturing the login time First time login
2020-06-05T14:25:45Z - [io.mosip.registration.service.sync.impl.SyncStatusValidatorServiceImpl] - INFO  - REGISTRATION - SYNC - SYNC_STATUS_VALIDATOR_SERVICE_IMPL - REGISTRATION - REG - Getting the center latitude and longitudes from session context
2020-06-05T14:25:45Z - [io.mosip.registration.service.sync.impl.SyncStatusValidatorServiceImpl] - INFO  - REGISTRATION - SYNC - SYNC_STATUS_VALIDATOR_SERVICE_IMPL - REGISTRATION - REG - Validating the geo location of machine w.r.t registration center ended
2020-06-05T14:25:45Z - [io.mosip.registration.dao.impl.GlobalParamDAOImpl] - INFO  - REGISTRATION - GLOBALPARAMS - GLOBAL_PARAM_DAO_IMPL - REGISTRATION - REG - Get Global Param
2020-06-05T14:25:45Z - [io.mosip.registration.service.sync.impl.SyncStatusValidatorServiceImpl] - INFO  - REGISTRATION - SYNC - SYNC_STATUS_VALIDATOR_SERVICE_IMPL - REGISTRATION - REG - Validating the sync status ended
2020-06-05T14:25:45Z - [io.mosip.registration.controller.reg.AlertController] - INFO  - REGISTRATION - ALERT_CONTROLLER - ALERT_GENERATION - REGISTRATION - REG - Alert generation has been started
2020-06-05T14:25:45Z - [io.mosip.registration.controller.reg.AlertController] - INFO  - REGISTRATION - ALERT_CONTROLLER - ALERT_GENERATION - REGISTRATION - REG - Alert generation has been ended
2020-06-05T14:25:46Z - [io.mosip.registration.util.healthcheck.RegistrationAppHealthCheckUtil] - INFO  - REGISTRATION - REGISTRATION APP HEALTHCHECKUTIL - ISNETWORKAVAILABLE - REGISTRATION - REG - Internet Access Available.====>200
2020-06-05T14:25:48Z - [io.mosip.registration.controller.reg.AlertController] - INFO  - REGISTRATION - ALERT_CONTROLLER - ALERT_GENERATION - REGISTRATION - REG - Alert closing has been started
2020-06-05T14:25:48Z - [io.mosip.registration.controller.reg.AlertController] - INFO  - REGISTRATION - ALERT_CONTROLLER - ALERT_GENERATION - REGISTRATION - REG - Alert closing has been ended
2020-06-05T14:25:48Z - [io.mosip.registration.controller.reg.AlertController] - INFO  - REGISTRATION - ALERT_CONTROLLER - ALERT_GENERATION - REGISTRATION - REG - Alert closing has been started
2020-06-05T14:25:48Z - [io.mosip.registration.controller.reg.AlertController] - INFO  - REGISTRATION - ALERT_CONTROLLER - ALERT_GENERATION - REGISTRATION - REG - Alert closing has been ended
2020-06-05T14:25:48Z - [io.mosip.registration.controller.reg.PacketHandlerController] - INFO  - REGISTRATION - PACKET_HANDLER - Packet_Handler_Controller - REGISTRATION - REG - Creating of Registration for lost UIN ended.
2020-06-05T14:32:50Z - [io.mosip.registration.scheduler.SchedulerUtil] - INFO  - REGISTRATION - UI - REGISTRATION - REG - The time task reminder alert is called at interval of seconds 400
2020-06-05T14:32:59Z - [io.mosip.registration.controller.reg.HeaderController] - INFO  - REGISTRATION - HEADER - HEADER_CONTROLLER - REGISTRATION - REG - Clearing Session contextAuthTokenDTO(loginMode=PWD, cookie=null)
2020-06-05T14:32:59Z - [io.mosip.registration.context.SessionContext] - INFO  - REGISTRATION - LOGIN - LOGIN_CONTROLLER - REGISTRATION - REG - Leaving Session Context
2020-06-05T14:32:59Z - [io.mosip.registration.update.SoftwareUpdateHandler] - INFO  - REGISTRATION - HEADER - REGISTARTION_UPDATE - REGISTRATION - REG - Checking for current version started
2020-06-05T14:32:59Z - [io.mosip.registration.update.SoftwareUpdateHandler] - INFO  - REGISTRATION - HEADER - REGISTARTION_UPDATE - REGISTRATION - REG - Getting  of local manifest started
2020-06-05T14:32:59Z - [io.mosip.registration.update.SoftwareUpdateHandler] - INFO  - REGISTRATION - HEADER - REGISTARTION_UPDATE - REGISTRATION - REG - Getting  of local manifest completed
2020-06-05T14:32:59Z - [io.mosip.registration.update.SoftwareUpdateHandler] - INFO  - REGISTRATION - HEADER - REGISTARTION_UPDATE - REGISTRATION - REG - Checking for current version completed
2020-06-05T14:32:59Z - [io.mosip.registration.util.healthcheck.RegistrationAppHealthCheckUtil] - INFO  - REGISTRATION - REGISTRATION APP HEALTHCHECK UTIL - ISNETWORKAVAILABLE - REGISTRATION - REG - Registration Network Checker had been called.
2020-06-05T14:33:04Z - [io.mosip.registration.util.healthcheck.RegistrationAppHealthCheckUtil] - INFO  - REGISTRATION - REGISTRATION APP HEALTHCHECKUTIL - ISNETWORKAVAILABLE - REGISTRATION - REG - Internet Access Available.====>200
2020-06-05T14:33:04Z - [io.mosip.registration.update.SoftwareUpdateHandler] - INFO  - REGISTRATION - HEADER - REGISTARTION_UPDATE - REGISTRATION - REG - Checking for updates
2020-06-05T14:33:04Z - [io.mosip.registration.update.SoftwareUpdateHandler] - INFO  - REGISTRATION - HEADER - REGISTARTION_UPDATE - REGISTRATION - REG - Checking for current version started
2020-06-05T14:33:04Z - [io.mosip.registration.update.SoftwareUpdateHandler] - INFO  - REGISTRATION - HEADER - REGISTARTION_UPDATE - REGISTRATION - REG - Getting  of local manifest started
2020-06-05T14:33:04Z - [io.mosip.registration.update.SoftwareUpdateHandler] - INFO  - REGISTRATION - HEADER - REGISTARTION_UPDATE - REGISTRATION - REG - Getting  of local manifest completed
2020-06-05T14:33:04Z - [io.mosip.registration.update.SoftwareUpdateHandler] - INFO  - REGISTRATION - HEADER - REGISTARTION_UPDATE - REGISTRATION - REG - Checking for current version completed
2020-06-05T14:33:04Z - [io.mosip.registration.update.SoftwareUpdateHandler] - INFO  - REGISTRATION - HEADER - REGISTARTION_UPDATE - REGISTRATION - REG - Checking for latest version started
2020-06-05T14:33:06Z - [io.mosip.registration.update.SoftwareUpdateHandler] - INFO  - REGISTRATION - HEADER - REGISTARTION_UPDATE - REGISTRATION - REG - Checking of space in machine
2020-06-05T14:33:06Z - [io.mosip.registration.update.SoftwareUpdateHandler] - INFO  - REGISTRATION - HEADER - REGISTARTION_UPDATE - REGISTRATION - REG - Checking for latest version completed
2020-06-05T14:33:06Z - [io.mosip.registration.service.config.impl.GlobalParamServiceImpl] - INFO  - REGISTRATION - SYNC - GLOBAL_PARAMS_SERVICE - REGISTRATION - REG - Updating the SoftwareUpdate flag started.
2020-06-05T14:33:06Z - [io.mosip.registration.dao.impl.GlobalParamDAOImpl] - INFO  - REGISTRATION - GLOBALPARAMS - GLOBAL_PARAM_DAO_IMPL - REGISTRATION - REG - Updating the SoftwareUpdate flag started.
2020-06-05T14:33:06Z - [io.mosip.registration.dao.impl.GlobalParamDAOImpl] - INFO  - REGISTRATION - GLOBALPARAMS - GLOBAL_PARAM_DAO_IMPL - REGISTRATION - REG - Get Global Param
2020-06-05T14:33:06Z - [io.mosip.registration.dao.impl.GlobalParamDAOImpl] - INFO  - REGISTRATION - GLOBALPARAMS - GLOBAL_PARAM_DAO_IMPL - REGISTRATION - REG - Updating the SoftwareUpdate flag ended.
2020-06-05T14:33:06Z - [io.mosip.registration.service.config.impl.GlobalParamServiceImpl] - INFO  - REGISTRATION - SYNC - GLOBAL_PARAMS_SERVICE - REGISTRATION - REG - Updating the SoftwareUpdate flag ended.
2020-06-05T14:33:06Z - [io.mosip.registration.controller.BaseController] - INFO  - REGISTRATION - BASE - BASE_CONTROLLER - REGISTRATION - REG - Fetching value from application Context
2020-06-05T14:33:06Z - [io.mosip.registration.controller.BaseController] - INFO  - REGISTRATION - BASE - BASE_CONTROLLER - REGISTRATION - REG - Fetching value from application Context
2020-06-05T14:33:06Z - [io.mosip.registration.controller.BaseController] - INFO  - REGISTRATION - BASE - BASE_CONTROLLER - REGISTRATION - REG - Fetching value from application Context
2020-06-05T14:33:17Z - [io.mosip.registration.tpm.initialize.TPMInitialization] - INFO  - REGISTRATION - TPM - PLATFORM_TPM_INITIALIZATION - REG - REGISTRATION - Closing the instance of Platform TPM
2020-06-05T14:33:17Z - [io.mosip.registration.tpm.initialize.TPMInitialization] - INFO  - REGISTRATION - TPM - PLATFORM_TPM_INITIALIZATION - REG - REGISTRATION - Completed closing the instance of Platform TPM
